{
  "stats": {
    "suites": 22,
    "tests": 36,
    "passes": 36,
    "pending": 0,
    "failures": 0,
    "start": "2020-12-28T12:07:00.075Z",
    "end": "2020-12-28T12:09:13.427Z",
    "duration": 54093,
    "testsRegistered": 36,
    "passPercent": 100,
    "pendingPercent": 0,
    "other": 0,
    "hasOther": false,
    "skipped": 0,
    "hasSkipped": false
  },
  "results": [
    {
      "uuid": "cd2ab0fd-02a6-4cdb-8476-8594ebd4fa09",
      "title": "",
      "fullFile": "cypress/integration/automation-test-store/add-multiple-items-to-basket.js",
      "file": "cypress/integration/automation-test-store/add-multiple-items-to-basket.js",
      "beforeHooks": [],
      "afterHooks": [],
      "tests": [],
      "suites": [
        {
          "uuid": "9b320af4-5d17-4783-8da7-1fcd63a97e6e",
          "title": "Add multiple times to basket",
          "fullFile": "",
          "file": "",
          "beforeHooks": [],
          "afterHooks": [],
          "tests": [
            {
              "title": "Add specific items to basket",
              "fullTitle": "Add multiple times to basket Add specific items to basket",
              "timedOut": null,
              "duration": 4337,
              "state": "passed",
              "speed": "slow",
              "pass": true,
              "fail": false,
              "pending": false,
              "context": null,
              "code": "autoStore_HairCare_PO.addHairCareProductToBasket(); // globalThis.data.productName.forEach((element) => {\n//     cy.addProductToBasket(element)\n// })\n// cy.get('.dropdown-toggle > .fa').click()",
              "err": {},
              "uuid": "529ec31c-2026-475b-827b-ce9bca69bef4",
              "parentUUID": "9b320af4-5d17-4783-8da7-1fcd63a97e6e",
              "isHook": false,
              "skipped": false
            }
          ],
          "suites": [],
          "passes": [
            "529ec31c-2026-475b-827b-ce9bca69bef4"
          ],
          "failures": [],
          "pending": [],
          "skipped": [],
          "duration": 4337,
          "root": false,
          "rootEmpty": false,
          "_timeout": 2000
        }
      ],
      "passes": [],
      "failures": [],
      "pending": [],
      "skipped": [],
      "duration": 0,
      "root": true,
      "rootEmpty": true,
      "_timeout": 2000
    },
    {
      "uuid": "b4152a27-cae6-4e31-bb09-e12083b9fe11",
      "title": "",
      "fullFile": "cypress/integration/automation-test-store/alias-invoke.js",
      "file": "cypress/integration/automation-test-store/alias-invoke.js",
      "beforeHooks": [],
      "afterHooks": [],
      "tests": [],
      "suites": [
        {
          "uuid": "bdd1e0ed-d858-45f7-96a8-0a2c5741e3e8",
          "title": "alias and invoke",
          "fullFile": "",
          "file": "",
          "beforeHooks": [],
          "afterHooks": [],
          "tests": [
            {
              "title": "calculate total of normal and sale products",
              "fullTitle": "alias and invoke calculate total of normal and sale products",
              "timedOut": null,
              "duration": 2362,
              "state": "passed",
              "speed": "slow",
              "pass": true,
              "fail": false,
              "pending": false,
              "context": null,
              "code": "cy.visit('https://automationteststore.com/');\ncy.get(\".thumbnail\").as('productThumbnail'); // cy.get(\"@productThumbnail\").find('.oneprice').each(($el) => {\n//     cy.log($el.text())\n//     });\ncy.get('.thumbnail').find('.oneprice').invoke('text').as('itemPrice');\ncy.get('.thumbnail').find('.pricenew').invoke('text').as('saleItemPrice');\nvar itemsTotal = 0;\ncy.get('@itemPrice').then(function ($linkText) {\n  var itemsPriceTotal = 0;\n  var itemPrice = $linkText.split('$');\n  var i;\n  for (i = 0; i < itemPrice.length; i++) {\n    cy.log(itemPrice[i]);\n    itemsPriceTotal += Number(itemPrice[i]);\n  }\n  itemsTotal += itemsPriceTotal;\n  cy.log(\"Non sale price items total: \" + itemsTotal);\n});\ncy.get('@saleItemPrice').then(function ($linkText) {\n  var saleItemsPriceTotal = 0;\n  var saleItemPrice = $linkText.split('$');\n  var i;\n  for (i = 0; i < saleItemPrice.length; i++) {\n    cy.log(saleItemPrice[i]);\n    saleItemsPriceTotal += Number(saleItemPrice[i]);\n  }\n  itemsTotal += saleItemsPriceTotal;\n  cy.log(\"Sale price items total: \" + saleItemsPriceTotal);\n}).then(function () {\n  cy.log(\"The total price of all products: \" + itemsTotal);\n  expect(itemsTotal).to.equal(652.6);\n});",
              "err": {},
              "uuid": "6aca812f-a2ca-41f6-8e53-304837b7c7ef",
              "parentUUID": "bdd1e0ed-d858-45f7-96a8-0a2c5741e3e8",
              "isHook": false,
              "skipped": false
            }
          ],
          "suites": [],
          "passes": [
            "6aca812f-a2ca-41f6-8e53-304837b7c7ef"
          ],
          "failures": [],
          "pending": [],
          "skipped": [],
          "duration": 2362,
          "root": false,
          "rootEmpty": false,
          "_timeout": 2000
        }
      ],
      "passes": [],
      "failures": [],
      "pending": [],
      "skipped": [],
      "duration": 0,
      "root": true,
      "rootEmpty": true,
      "_timeout": 2000
    },
    {
      "uuid": "ef6beacf-8c53-4f3a-bc16-159524ae3180",
      "title": "",
      "fullFile": "cypress/integration/automation-test-store/contact-us.js",
      "file": "cypress/integration/automation-test-store/contact-us.js",
      "beforeHooks": [],
      "afterHooks": [],
      "tests": [],
      "suites": [
        {
          "uuid": "2d1cbbc1-902f-4726-85e8-2577ffed110c",
          "title": "Test contact us form via automationTestStore",
          "fullFile": "",
          "file": "",
          "beforeHooks": [],
          "afterHooks": [],
          "tests": [
            {
              "title": "should be able to do a successful submission via contact us form",
              "fullTitle": "Test contact us form via automationTestStore should be able to do a successful submission via contact us form",
              "timedOut": null,
              "duration": 3995,
              "state": "passed",
              "speed": "slow",
              "pass": true,
              "fail": false,
              "pending": false,
              "context": null,
              "code": "cy.visit(\"https://automationteststore.com/\");\ncy.get(\"a[href$='contact']\").click().then(function (linkName) {\n  cy.log(\"name of the link is: \" + linkName.text());\n}); //a[contains(@href, 'contact')]\n//cy.xpath(\"//a[contains(@href, 'contact')]\").click();\ncy.get(\"@user\").then(function (user) {\n  cy.get('#ContactUsFrm_first_name').type(user.first_name);\n  cy.get('#ContactUsFrm_email').type(user.email);\n});\ncy.get('#ContactUsFrm_email').should('have.attr', 'name', 'email');\ncy.get('#ContactUsFrm_enquiry').type('hello');\ncy.get('button[title=\"Submit\"]').click();\ncy.get('.mb40 > :nth-child(3)').should('have.text', 'Your enquiry has been successfully sent to the store owner!');",
              "err": {},
              "uuid": "c71b3fa9-8ff5-4b4e-9cc3-3d50d63a377a",
              "parentUUID": "2d1cbbc1-902f-4726-85e8-2577ffed110c",
              "isHook": false,
              "skipped": false
            }
          ],
          "suites": [],
          "passes": [
            "c71b3fa9-8ff5-4b4e-9cc3-3d50d63a377a"
          ],
          "failures": [],
          "pending": [],
          "skipped": [],
          "duration": 3995,
          "root": false,
          "rootEmpty": false,
          "_timeout": 2000
        }
      ],
      "passes": [],
      "failures": [],
      "pending": [],
      "skipped": [],
      "duration": 0,
      "root": true,
      "rootEmpty": true,
      "_timeout": 2000
    },
    {
      "uuid": "a467c4f0-7446-4f77-9fe6-6ea8410215b8",
      "title": "",
      "fullFile": "cypress/integration/automation-test-store/inspect-item.js",
      "file": "cypress/integration/automation-test-store/inspect-item.js",
      "beforeHooks": [],
      "afterHooks": [],
      "tests": [],
      "suites": [
        {
          "uuid": "4a4e9f87-2b85-419e-a61d-5181db561049",
          "title": "Inspect AutomationTestStore items using chain of commands",
          "fullFile": "",
          "file": "",
          "beforeHooks": [],
          "afterHooks": [],
          "tests": [
            {
              "title": "click on the first item using item text",
              "fullTitle": "Inspect AutomationTestStore items using chain of commands click on the first item using item text",
              "timedOut": null,
              "duration": 5732,
              "state": "passed",
              "speed": "slow",
              "pass": true,
              "fail": false,
              "pending": false,
              "context": null,
              "code": "cy.visit(\"https://automationteststore.com/\");\ncy.get('.prdocutname').contains('Skinsheen Bronzer Stick').click().then(function (itemHeaderText) {\n  console.log(\"selected the following item:\" + itemHeaderText.text());\n});",
              "err": {},
              "uuid": "051a137d-a54f-4a0e-bd64-d35ed8d02ec1",
              "parentUUID": "4a4e9f87-2b85-419e-a61d-5181db561049",
              "isHook": false,
              "skipped": false
            }
          ],
          "suites": [],
          "passes": [
            "051a137d-a54f-4a0e-bd64-d35ed8d02ec1"
          ],
          "failures": [],
          "pending": [],
          "skipped": [],
          "duration": 5732,
          "root": false,
          "rootEmpty": false,
          "_timeout": 2000
        }
      ],
      "passes": [],
      "failures": [],
      "pending": [],
      "skipped": [],
      "duration": 0,
      "root": true,
      "rootEmpty": true,
      "_timeout": 2000
    },
    {
      "uuid": "a0b1e337-ca4c-4e6d-9b61-bf989ac70802",
      "title": "",
      "fullFile": "cypress/integration/automation-test-store/iterate-over-elements.js",
      "file": "cypress/integration/automation-test-store/iterate-over-elements.js",
      "beforeHooks": [],
      "afterHooks": [],
      "tests": [],
      "suites": [
        {
          "uuid": "6ad444f7-8ef8-4b98-85ab-dd2172b11c20",
          "title": "iterate over elements",
          "fullFile": "",
          "file": "",
          "beforeHooks": [],
          "afterHooks": [],
          "tests": [
            {
              "title": "log information of all hair care products",
              "fullTitle": "iterate over elements log information of all hair care products",
              "timedOut": null,
              "duration": 2758,
              "state": "passed",
              "speed": "slow",
              "pass": true,
              "fail": false,
              "pending": false,
              "context": null,
              "code": "cy.selectProduct('Curls to straight Shampoo');",
              "err": {},
              "uuid": "0979b1e7-3289-4ca8-ba2a-71b51cc02324",
              "parentUUID": "6ad444f7-8ef8-4b98-85ab-dd2172b11c20",
              "isHook": false,
              "skipped": false
            },
            {
              "title": "add another product to basket",
              "fullTitle": "iterate over elements add another product to basket",
              "timedOut": null,
              "duration": 1655,
              "state": "passed",
              "speed": "slow",
              "pass": true,
              "fail": false,
              "pending": false,
              "context": null,
              "code": "cy.selectProduct('Seaweed Conditioner');",
              "err": {},
              "uuid": "c6a0bc5b-0d51-41eb-9dde-dca1c5237d1c",
              "parentUUID": "6ad444f7-8ef8-4b98-85ab-dd2172b11c20",
              "isHook": false,
              "skipped": false
            },
            {
              "title": "add another product to basket",
              "fullTitle": "iterate over elements add another product to basket",
              "timedOut": null,
              "duration": 2310,
              "state": "passed",
              "speed": "slow",
              "pass": true,
              "fail": false,
              "pending": false,
              "context": null,
              "code": "cy.selectProduct('Eau Parfumee au The Vert Shampoo');",
              "err": {},
              "uuid": "0188416b-3a48-4b28-9a7b-2b6ab50e2586",
              "parentUUID": "6ad444f7-8ef8-4b98-85ab-dd2172b11c20",
              "isHook": false,
              "skipped": false
            }
          ],
          "suites": [],
          "passes": [
            "0979b1e7-3289-4ca8-ba2a-71b51cc02324",
            "c6a0bc5b-0d51-41eb-9dde-dca1c5237d1c",
            "0188416b-3a48-4b28-9a7b-2b6ab50e2586"
          ],
          "failures": [],
          "pending": [],
          "skipped": [],
          "duration": 6723,
          "root": false,
          "rootEmpty": false,
          "_timeout": 2000
        }
      ],
      "passes": [],
      "failures": [],
      "pending": [],
      "skipped": [],
      "duration": 0,
      "root": true,
      "rootEmpty": true,
      "_timeout": 2000
    },
    {
      "uuid": "f933d519-68ec-4389-a830-17aa19846aeb",
      "title": "",
      "fullFile": "cypress/integration/other/hooks.js",
      "file": "cypress/integration/other/hooks.js",
      "beforeHooks": [],
      "afterHooks": [],
      "tests": [],
      "suites": [
        {
          "uuid": "a83aae97-29ee-4fd3-b0df-884777ec2a7b",
          "title": "Hooks",
          "fullFile": "",
          "file": "",
          "beforeHooks": [],
          "afterHooks": [],
          "tests": [
            {
              "title": "example test 1",
              "fullTitle": "Hooks example test 1",
              "timedOut": null,
              "duration": 56,
              "state": "passed",
              "speed": "medium",
              "pass": true,
              "fail": false,
              "pending": false,
              "context": null,
              "code": "cy.log(\"example test 1!\");",
              "err": {},
              "uuid": "4994210d-47a5-4936-b540-408c1f749913",
              "parentUUID": "a83aae97-29ee-4fd3-b0df-884777ec2a7b",
              "isHook": false,
              "skipped": false
            },
            {
              "title": "example test 2",
              "fullTitle": "Hooks example test 2",
              "timedOut": null,
              "duration": 24,
              "state": "passed",
              "speed": "fast",
              "pass": true,
              "fail": false,
              "pending": false,
              "context": null,
              "code": "cy.log(\"example test 2!\");",
              "err": {},
              "uuid": "58f15ec1-877b-407f-a8ae-cbdf966cb180",
              "parentUUID": "a83aae97-29ee-4fd3-b0df-884777ec2a7b",
              "isHook": false,
              "skipped": false
            }
          ],
          "suites": [],
          "passes": [
            "4994210d-47a5-4936-b540-408c1f749913",
            "58f15ec1-877b-407f-a8ae-cbdf966cb180"
          ],
          "failures": [],
          "pending": [],
          "skipped": [],
          "duration": 80,
          "root": false,
          "rootEmpty": false,
          "_timeout": 2000
        }
      ],
      "passes": [],
      "failures": [],
      "pending": [],
      "skipped": [],
      "duration": 0,
      "root": true,
      "rootEmpty": true,
      "_timeout": 2000
    },
    {
      "uuid": "0a8a94f1-f567-4d6a-b6b1-7a688dc40b7b",
      "title": "",
      "fullFile": "cypress/integration/other/json.js",
      "file": "cypress/integration/other/json.js",
      "beforeHooks": [],
      "afterHooks": [],
      "tests": [],
      "suites": [
        {
          "uuid": "faa89a56-e1de-4e2f-b092-efb8608dfb44",
          "title": "JSON object",
          "fullFile": "",
          "file": "",
          "beforeHooks": [],
          "afterHooks": [],
          "tests": [
            {
              "title": "json object examples",
              "fullTitle": "JSON object json object examples",
              "timedOut": null,
              "duration": 66,
              "state": "passed",
              "speed": "medium",
              "pass": true,
              "fail": false,
              "pending": false,
              "context": null,
              "code": "var exampleObject = {\n  \"key\": \"Tim\",\n  \"key2\": \"Jones\"\n};\ncy.log(exampleObject[\"key\"]);\ncy.log(exampleObject[\"key2\"]);\ncy.log(exampleObject.key2);",
              "err": {},
              "uuid": "3922ad65-1a35-4fc2-b263-140dca6ec8ed",
              "parentUUID": "faa89a56-e1de-4e2f-b092-efb8608dfb44",
              "isHook": false,
              "skipped": false
            }
          ],
          "suites": [],
          "passes": [
            "3922ad65-1a35-4fc2-b263-140dca6ec8ed"
          ],
          "failures": [],
          "pending": [],
          "skipped": [],
          "duration": 66,
          "root": false,
          "rootEmpty": false,
          "_timeout": 2000
        }
      ],
      "passes": [],
      "failures": [],
      "pending": [],
      "skipped": [],
      "duration": 0,
      "root": true,
      "rootEmpty": true,
      "_timeout": 2000
    },
    {
      "uuid": "b305310e-3785-409e-b4bf-f3258bcfeeae",
      "title": "",
      "fullFile": "cypress/integration/other/same-origin-policy.js",
      "file": "cypress/integration/other/same-origin-policy.js",
      "beforeHooks": [],
      "afterHooks": [],
      "tests": [],
      "suites": [
        {
          "uuid": "ef2de2da-d85e-45d2-8ac9-7a728346559c",
          "title": "Cypress web security",
          "fullFile": "",
          "file": "",
          "beforeHooks": [],
          "afterHooks": [],
          "tests": [
            {
              "title": "validate visiting two different domains via user actions",
              "fullTitle": "Cypress web security validate visiting two different domains via user actions",
              "timedOut": null,
              "duration": 2241,
              "state": "passed",
              "speed": "slow",
              "pass": true,
              "fail": false,
              "pending": false,
              "context": null,
              "code": "cy.visit('https://webdriveruniversity.com/');\ncy.get('#automation-test-store').invoke('removeAttr', 'target').click();",
              "err": {},
              "uuid": "92eae8ab-20a0-475d-84f7-568a7fd1472c",
              "parentUUID": "ef2de2da-d85e-45d2-8ac9-7a728346559c",
              "isHook": false,
              "skipped": false
            }
          ],
          "suites": [],
          "passes": [
            "92eae8ab-20a0-475d-84f7-568a7fd1472c"
          ],
          "failures": [],
          "pending": [],
          "skipped": [],
          "duration": 2241,
          "root": false,
          "rootEmpty": false,
          "_timeout": 2000
        }
      ],
      "passes": [],
      "failures": [],
      "pending": [],
      "skipped": [],
      "duration": 0,
      "root": true,
      "rootEmpty": true,
      "_timeout": 2000
    },
    {
      "uuid": "a40e0304-922e-42d6-8d48-c522fcbabc13",
      "title": "",
      "fullFile": "cypress/integration/webdriver-uni/autocomplete-dropdown-list.js",
      "file": "cypress/integration/webdriver-uni/autocomplete-dropdown-list.js",
      "beforeHooks": [],
      "afterHooks": [],
      "tests": [],
      "suites": [
        {
          "uuid": "5b719f45-800b-4b9e-a26f-c0b33ba816ed",
          "title": "Verify autocomplete dropdown lists via webdriveruni",
          "fullFile": "",
          "file": "",
          "beforeHooks": [],
          "afterHooks": [],
          "tests": [
            {
              "title": "select spedific product via autocomplete lis",
              "fullTitle": "Verify autocomplete dropdown lists via webdriveruni select spedific product via autocomplete lis",
              "timedOut": null,
              "duration": 2591,
              "state": "passed",
              "speed": "slow",
              "pass": true,
              "fail": false,
              "pending": false,
              "context": null,
              "code": "cy.visit(\"http://webdriveruniversity.com\");\ncy.get('#autocomplete-textfield').invoke('removeAttr', 'target').click({\n  force: true\n});\ncy.get('#myInput').type('A');\ncy.get('#myInputautocomplete-list>*').each(function ($el, index, $list) {\n  var prod = $el.text();\n  var productToSelect = 'Avacado';\n  if (prod === productToSelect) {\n    $el.click();\n    cy.get('#submit-button').click();\n    cy.url().should('include', productToSelect);\n  }\n}).then(function () {\n  cy.get('#myInput').type('g');\n  cy.get('#myInputautocomplete-list>*').each(function ($el, index, $list) {\n    var prod = $el.text();\n    var productToSelect = 'Grapes';\n    if (prod === productToSelect) {\n      $el.click();\n      cy.get('#submit-button').click();\n      cy.url().should('include', productToSelect);\n    }\n  });\n});",
              "err": {},
              "uuid": "a9d06dea-15c5-4d3f-8dea-c389480effe6",
              "parentUUID": "5b719f45-800b-4b9e-a26f-c0b33ba816ed",
              "isHook": false,
              "skipped": false
            }
          ],
          "suites": [],
          "passes": [
            "a9d06dea-15c5-4d3f-8dea-c389480effe6"
          ],
          "failures": [],
          "pending": [],
          "skipped": [],
          "duration": 2591,
          "root": false,
          "rootEmpty": false,
          "_timeout": 2000
        }
      ],
      "passes": [],
      "failures": [],
      "pending": [],
      "skipped": [],
      "duration": 0,
      "root": true,
      "rootEmpty": true,
      "_timeout": 2000
    },
    {
      "uuid": "92d198a6-dd76-49d8-afa8-65c76fa3e0fc",
      "title": "",
      "fullFile": "cypress/integration/webdriver-uni/browser-navigation.js",
      "file": "cypress/integration/webdriver-uni/browser-navigation.js",
      "beforeHooks": [],
      "afterHooks": [],
      "tests": [],
      "suites": [
        {
          "uuid": "2baa3f0c-626d-4241-aad0-c765833d56c2",
          "title": "Validate webdriver uni homepage links",
          "fullFile": "",
          "file": "",
          "beforeHooks": [],
          "afterHooks": [],
          "tests": [
            {
              "title": "confirm links redirect to the correct page",
              "fullTitle": "Validate webdriver uni homepage links confirm links redirect to the correct page",
              "timedOut": null,
              "duration": 3539,
              "state": "passed",
              "speed": "slow",
              "pass": true,
              "fail": false,
              "pending": false,
              "context": null,
              "code": "//cy.visit(\"http://webdriveruniversity.com/Contact-Us/contactus.html\");\ncy.visit(\"http://webdriveruniversity.com\");\ncy.get(\"#contact-us\").invoke(\"removeAttr\", \"target\").click({\n  force: true\n});\ncy.url().should('include', 'contactus');\ncy.go('back');\ncy.reload(); // cy.reload(true) //reload without using cash\ncy.go('forward');\ncy.url().should('include', 'contactus');\ncy.go('back');\ncy.get(\"#login-portal\").invoke(\"removeAttr\", \"target\").click({\n  force: true\n});\ncy.url().should('include', 'Login-Portal');\ncy.go('back');\ncy.get(\"#to-do-list\").invoke(\"removeAttr\", \"target\").click({\n  force: true\n});\ncy.url().should('include', 'To-Do-List');",
              "err": {},
              "uuid": "6cbfb07f-648d-4290-b548-2981d47d9ea0",
              "parentUUID": "2baa3f0c-626d-4241-aad0-c765833d56c2",
              "isHook": false,
              "skipped": false
            }
          ],
          "suites": [],
          "passes": [
            "6cbfb07f-648d-4290-b548-2981d47d9ea0"
          ],
          "failures": [],
          "pending": [],
          "skipped": [],
          "duration": 3539,
          "root": false,
          "rootEmpty": false,
          "_timeout": 2000
        }
      ],
      "passes": [],
      "failures": [],
      "pending": [],
      "skipped": [],
      "duration": 0,
      "root": true,
      "rootEmpty": true,
      "_timeout": 2000
    },
    {
      "uuid": "878003c3-e5ab-4104-ac15-d3fdb5dc22eb",
      "title": "",
      "fullFile": "cypress/integration/webdriver-uni/checkboxes.js",
      "file": "cypress/integration/webdriver-uni/checkboxes.js",
      "beforeHooks": [],
      "afterHooks": [],
      "tests": [],
      "suites": [
        {
          "uuid": "bf508dcb-ffcc-49c2-8591-cc8f5b51f10f",
          "title": "verify checkboxes via webdriveruni",
          "fullFile": "",
          "file": "",
          "beforeHooks": [],
          "afterHooks": [],
          "tests": [
            {
              "title": "check and validate checkbox",
              "fullTitle": "verify checkboxes via webdriveruni check and validate checkbox",
              "timedOut": null,
              "duration": 478,
              "state": "passed",
              "speed": "slow",
              "pass": true,
              "fail": false,
              "pending": false,
              "context": null,
              "code": "//cy.get('#checkboxes > :nth-child(1) > input').check().should('be.checked')\ncy.get('#checkboxes > :nth-child(1) > input').as('option-1');\ncy.get('@option-1').check().should('be.checked');",
              "err": {},
              "uuid": "27904ecd-ade0-4833-8634-3f9bedbd8f01",
              "parentUUID": "bf508dcb-ffcc-49c2-8591-cc8f5b51f10f",
              "isHook": false,
              "skipped": false
            },
            {
              "title": "uncheck and validate checkbox",
              "fullTitle": "verify checkboxes via webdriveruni uncheck and validate checkbox",
              "timedOut": null,
              "duration": 237,
              "state": "passed",
              "speed": "slow",
              "pass": true,
              "fail": false,
              "pending": false,
              "context": null,
              "code": "//cy.get('#checkboxes > :nth-child(1) > input').as('option-1');\n//cy.get('@option-1').uncheck().should('not.be.checked');\ncy.get('#checkboxes > :nth-child(5) > input').as('option-3');\ncy.get('@option-3').uncheck().should('not.be.checked');",
              "err": {},
              "uuid": "6ca11988-9d46-4ed4-8a78-4af6d5ea3b68",
              "parentUUID": "bf508dcb-ffcc-49c2-8591-cc8f5b51f10f",
              "isHook": false,
              "skipped": false
            },
            {
              "title": "check multiple checkboxes",
              "fullTitle": "verify checkboxes via webdriveruni check multiple checkboxes",
              "timedOut": null,
              "duration": 410,
              "state": "passed",
              "speed": "slow",
              "pass": true,
              "fail": false,
              "pending": false,
              "context": null,
              "code": "cy.get(\"input[type='checkbox']\").check([\"option-1\", \"option-2\", \"option-3\", \"option-4\"]).should('be.checked');",
              "err": {},
              "uuid": "3c4b0fea-2278-44e2-9ddc-efe5dfec260e",
              "parentUUID": "bf508dcb-ffcc-49c2-8591-cc8f5b51f10f",
              "isHook": false,
              "skipped": false
            }
          ],
          "suites": [],
          "passes": [
            "27904ecd-ade0-4833-8634-3f9bedbd8f01",
            "6ca11988-9d46-4ed4-8a78-4af6d5ea3b68",
            "3c4b0fea-2278-44e2-9ddc-efe5dfec260e"
          ],
          "failures": [],
          "pending": [],
          "skipped": [],
          "duration": 1125,
          "root": false,
          "rootEmpty": false,
          "_timeout": 2000
        }
      ],
      "passes": [],
      "failures": [],
      "pending": [],
      "skipped": [],
      "duration": 0,
      "root": true,
      "rootEmpty": true,
      "_timeout": 2000
    },
    {
      "uuid": "5cb30c1f-346e-40aa-97f9-c35cc693bc0b",
      "title": "",
      "fullFile": "cypress/integration/webdriver-uni/contact-us.js",
      "file": "cypress/integration/webdriver-uni/contact-us.js",
      "beforeHooks": [],
      "afterHooks": [],
      "tests": [],
      "suites": [
        {
          "uuid": "9e64cd87-55ea-4d3a-bdec-964c5ac73a51",
          "title": "Test contact us form via webdriveruni",
          "fullFile": "",
          "file": "",
          "beforeHooks": [],
          "afterHooks": [],
          "tests": [
            {
              "title": "should be able to do a successful submission via contact us form",
              "fullTitle": "Test contact us form via webdriveruni should be able to do a successful submission via contact us form",
              "timedOut": null,
              "duration": 3980,
              "state": "passed",
              "speed": "slow",
              "pass": true,
              "fail": false,
              "pending": false,
              "context": null,
              "code": "//cypress code\n//cy.visit(\"http://webdriveruniversity.com/Contact-Us/contactus.html\");\n// cy.document().should('have.property', 'charset').and('eq', 'UTF-8');\n// cy.title().should('include', 'WebDriver');\n// cy.url().should('include', 'contactus');\n// cy.webdriverUni_ContactForm_Submission(\n//     Cypress.env(\"first_name\"), \n//     data.last_name, \n//     data.email, \n//     'hello', \n//     'h1', \n//     'Thank You for your Message!')\ncontact_Us_PO.contactForm_Submission(Cypress.env(\"first_name\"), data.last_name, data.email, 'hello', 'h1', 'Thank You for your Message!');",
              "err": {},
              "uuid": "7cd7f7d2-1ca9-4814-bc07-344e829d039c",
              "parentUUID": "9e64cd87-55ea-4d3a-bdec-964c5ac73a51",
              "isHook": false,
              "skipped": false
            },
            {
              "title": "should not do a successful submission via contact us form as all field are reequired",
              "fullTitle": "Test contact us form via webdriveruni should not do a successful submission via contact us form as all field are reequired",
              "timedOut": null,
              "duration": 2654,
              "state": "passed",
              "speed": "slow",
              "pass": true,
              "fail": false,
              "pending": false,
              "context": null,
              "code": "contact_Us_PO.contactForm_Submission(Cypress.env(\"first_name\"), data.last_name, \" \", 'hello', 'body', 'Invalid email address'); //cy.webdriverUni_ContactForm_Submission(data.first_name, data.last_name, \" \", 'hello there', 'body', 'Error: Invalid email address')",
              "err": {},
              "uuid": "96576827-9919-48d9-8e0d-4fe64524aa95",
              "parentUUID": "9e64cd87-55ea-4d3a-bdec-964c5ac73a51",
              "isHook": false,
              "skipped": false
            }
          ],
          "suites": [],
          "passes": [
            "7cd7f7d2-1ca9-4814-bc07-344e829d039c",
            "96576827-9919-48d9-8e0d-4fe64524aa95"
          ],
          "failures": [],
          "pending": [],
          "skipped": [],
          "duration": 6634,
          "root": false,
          "rootEmpty": false,
          "_timeout": 2000
        }
      ],
      "passes": [],
      "failures": [],
      "pending": [],
      "skipped": [],
      "duration": 0,
      "root": true,
      "rootEmpty": true,
      "_timeout": 2000
    },
    {
      "uuid": "7e440c14-fcbb-47c0-a960-b705ff12d90d",
      "title": "",
      "fullFile": "cypress/integration/webdriver-uni/data-tables.js",
      "file": "cypress/integration/webdriver-uni/data-tables.js",
      "beforeHooks": [],
      "afterHooks": [],
      "tests": [],
      "suites": [
        {
          "uuid": "da0a39ac-a6f9-4540-a847-ecab37723621",
          "title": "Handling data via webdriveruni",
          "fullFile": "",
          "file": "",
          "beforeHooks": [],
          "afterHooks": [],
          "tests": [
            {
              "title": "calculate and assert the age of a given user based on last name",
              "fullTitle": "Handling data via webdriveruni calculate and assert the age of a given user based on last name",
              "timedOut": null,
              "duration": 1017,
              "state": "passed",
              "speed": "slow",
              "pass": true,
              "fail": false,
              "pending": false,
              "context": null,
              "code": "cy.get('#thumbnail-1 tr td:nth-child(2)').each(function ($el, index, $list) {\n  var text = $el.text();\n  if (text.includes(\"Woods\")) {\n    cy.get('#thumbnail-1 tr td:nth-child(2)').eq(index).next().then(function (age) {\n      var userAge = age.text();\n      expect(userAge).to.equal(\"80\");\n    });\n  }\n});",
              "err": {},
              "uuid": "326d2d0c-7a2c-4409-a714-ab95082297bb",
              "parentUUID": "da0a39ac-a6f9-4540-a847-ecab37723621",
              "isHook": false,
              "skipped": false
            }
          ],
          "suites": [],
          "passes": [
            "326d2d0c-7a2c-4409-a714-ab95082297bb"
          ],
          "failures": [],
          "pending": [],
          "skipped": [],
          "duration": 1017,
          "root": false,
          "rootEmpty": false,
          "_timeout": 2000
        }
      ],
      "passes": [],
      "failures": [],
      "pending": [],
      "skipped": [],
      "duration": 0,
      "root": true,
      "rootEmpty": true,
      "_timeout": 2000
    },
    {
      "uuid": "8e6102f4-f63c-48ed-80ff-40d20dbf766d",
      "title": "",
      "fullFile": "cypress/integration/webdriver-uni/datepicker.js",
      "file": "cypress/integration/webdriver-uni/datepicker.js",
      "beforeHooks": [],
      "afterHooks": [],
      "tests": [],
      "suites": [
        {
          "uuid": "2a65af06-24a6-4a5e-b3bb-36db4a2b8eef",
          "title": "Test Datepicker via webdriveruni",
          "fullFile": "",
          "file": "",
          "beforeHooks": [],
          "afterHooks": [],
          "tests": [
            {
              "title": "Select date from the datepicker",
              "fullTitle": "Test Datepicker via webdriveruni Select date from the datepicker",
              "timedOut": null,
              "duration": 875,
              "state": "passed",
              "speed": "slow",
              "pass": true,
              "fail": false,
              "pending": false,
              "context": null,
              "code": "cy.visit(\"http://webdriveruniversity.com\");\ncy.get(\"#datepicker\").invoke(\"removeAttr\", \"target\").click({\n  force: true\n});\nvar date = new Date();\ndate.setDate(date.getDate());\ncy.log(date.getDate()); //get current day\nvar date2 = new Date();\ndate2.setDate(date.getDate() + 5);\ncy.log(date2.getDate()); //get current day",
              "err": {},
              "uuid": "ebdd316c-88f6-4916-b9ee-b7654d7514b4",
              "parentUUID": "2a65af06-24a6-4a5e-b3bb-36db4a2b8eef",
              "isHook": false,
              "skipped": false
            }
          ],
          "suites": [],
          "passes": [
            "ebdd316c-88f6-4916-b9ee-b7654d7514b4"
          ],
          "failures": [],
          "pending": [],
          "skipped": [],
          "duration": 875,
          "root": false,
          "rootEmpty": false,
          "_timeout": 2000
        }
      ],
      "passes": [],
      "failures": [],
      "pending": [],
      "skipped": [],
      "duration": 0,
      "root": true,
      "rootEmpty": true,
      "_timeout": 2000
    },
    {
      "uuid": "d4b6831c-b3af-4833-a3e0-488eaf4c55e5",
      "title": "",
      "fullFile": "cypress/integration/webdriver-uni/dropdown.js",
      "file": "cypress/integration/webdriver-uni/dropdown.js",
      "beforeHooks": [],
      "afterHooks": [],
      "tests": [],
      "suites": [
        {
          "uuid": "6f55fa59-bb87-4b3f-b16b-211b681fc1ce",
          "title": "Test dropdowns via webdriveruni",
          "fullFile": "",
          "file": "",
          "beforeHooks": [],
          "afterHooks": [],
          "tests": [
            {
              "title": "select specific values via dropdown list",
              "fullTitle": "Test dropdowns via webdriveruni select specific values via dropdown list",
              "timedOut": null,
              "duration": 2042,
              "state": "passed",
              "speed": "slow",
              "pass": true,
              "fail": false,
              "pending": false,
              "context": null,
              "code": "cy.visit(\"http://webdriveruniversity.com\");\ncy.get(\"#dropdown-checkboxes-radiobuttons\").invoke(\"removeAttr\", \"target\").click({\n  force: true\n});\ncy.get('#dropdowm-menu-1').select('c#');\ncy.get('#dropdowm-menu-2').select('testng').should('have.value', 'testng'); //based on value\ncy.get('#dropdowm-menu-3').select('CSS').contains('CSS'); //based on text itself\ncy.get('#dropdowm-menu-2').select('Maven').contains('Maven');\ncy.get('#dropdowm-menu-2').select('maven').should('have.value', 'maven');",
              "err": {},
              "uuid": "d7ac80c2-8933-44b3-ab38-5bf9b8bf678c",
              "parentUUID": "6f55fa59-bb87-4b3f-b16b-211b681fc1ce",
              "isHook": false,
              "skipped": false
            }
          ],
          "suites": [],
          "passes": [
            "d7ac80c2-8933-44b3-ab38-5bf9b8bf678c"
          ],
          "failures": [],
          "pending": [],
          "skipped": [],
          "duration": 2042,
          "root": false,
          "rootEmpty": false,
          "_timeout": 2000
        }
      ],
      "passes": [],
      "failures": [],
      "pending": [],
      "skipped": [],
      "duration": 0,
      "root": true,
      "rootEmpty": true,
      "_timeout": 2000
    },
    {
      "uuid": "b72e97fd-b2fa-470b-91fd-8ac2d231dbb5",
      "title": "",
      "fullFile": "cypress/integration/webdriver-uni/file-upload.js",
      "file": "cypress/integration/webdriver-uni/file-upload.js",
      "beforeHooks": [],
      "afterHooks": [],
      "tests": [],
      "suites": [
        {
          "uuid": "e5351cea-253d-4edc-8b74-c6eb1328c886",
          "title": "Test file upload via webdriveruni",
          "fullFile": "",
          "file": "",
          "beforeHooks": [],
          "afterHooks": [],
          "tests": [
            {
              "title": "upload a file",
              "fullTitle": "Test file upload via webdriveruni upload a file",
              "timedOut": null,
              "duration": 1075,
              "state": "passed",
              "speed": "slow",
              "pass": true,
              "fail": false,
              "pending": false,
              "context": null,
              "code": "cy.visit(\"http://webdriveruniversity.com\");\ncy.get(\"#file-upload\").invoke(\"removeAttr\", \"target\").click({\n  force: true\n});\ncy.fixture(\"wings.png\", \"base64\").then(function (fileContent) {\n  cy.get('#myFile').attachFile({\n    fileContent: fileContent,\n    fileName: \"wings.png\",\n    mimeType: \"image/png\"\n  }, {\n    uploadType: \"input\"\n  });\n});\ncy.get(\"#submit-button\").click();",
              "err": {},
              "uuid": "978940a2-6889-4f81-a1f4-8068b859784a",
              "parentUUID": "e5351cea-253d-4edc-8b74-c6eb1328c886",
              "isHook": false,
              "skipped": false
            },
            {
              "title": "upload no file",
              "fullTitle": "Test file upload via webdriveruni upload no file",
              "timedOut": null,
              "duration": 1090,
              "state": "passed",
              "speed": "slow",
              "pass": true,
              "fail": false,
              "pending": false,
              "context": null,
              "code": "cy.visit(\"http://webdriveruniversity.com\");\ncy.get(\"#file-upload\").invoke(\"removeAttr\", \"target\").click({\n  force: true\n});\ncy.get(\"#submit-button\").click();",
              "err": {},
              "uuid": "e1249a80-224d-46f3-8e67-edee3c173629",
              "parentUUID": "e5351cea-253d-4edc-8b74-c6eb1328c886",
              "isHook": false,
              "skipped": false
            }
          ],
          "suites": [],
          "passes": [
            "978940a2-6889-4f81-a1f4-8068b859784a",
            "e1249a80-224d-46f3-8e67-edee3c173629"
          ],
          "failures": [],
          "pending": [],
          "skipped": [],
          "duration": 2165,
          "root": false,
          "rootEmpty": false,
          "_timeout": 2000
        }
      ],
      "passes": [],
      "failures": [],
      "pending": [],
      "skipped": [],
      "duration": 0,
      "root": true,
      "rootEmpty": true,
      "_timeout": 2000
    },
    {
      "uuid": "4b43f781-0e4b-4a5f-941b-4d6a5ddafb5b",
      "title": "",
      "fullFile": "cypress/integration/webdriver-uni/iframe.js",
      "file": "cypress/integration/webdriver-uni/iframe.js",
      "beforeHooks": [],
      "afterHooks": [],
      "tests": [],
      "suites": [
        {
          "uuid": "90c426d2-5270-4f5c-8a29-362f634d1f76",
          "title": "Handeling iframe & Modals",
          "fullFile": "",
          "file": "",
          "beforeHooks": [],
          "afterHooks": [],
          "tests": [
            {
              "title": "Handle webdriveruni iframe and modal",
              "fullTitle": "Handeling iframe & Modals Handle webdriveruni iframe and modal",
              "timedOut": null,
              "duration": 1851,
              "state": "passed",
              "speed": "slow",
              "pass": true,
              "fail": false,
              "pending": false,
              "context": null,
              "code": "cy.visit(\"http://webdriveruniversity.com\");\ncy.get(\"#iframe\").invoke(\"removeAttr\", \"target\").click({\n  force: true\n});\ncy.get('#frame').then(function ($iframe) {\n  var body = $iframe.contents().find('body');\n  cy.wrap(body).as('iframe');\n});\ncy.get('@iframe').find('#button-find-out-more').click();\ncy.get('@iframe').find('#myModal').as('modal');\ncy.get('@modal').should(function ($expectedText) {\n  var text = $expectedText.text();\n  expect(text).to.include('Welcome to webdriveruniversity.com we sell');\n});\ncy.get('@modal').contains('Close').click();",
              "err": {},
              "uuid": "3036f557-846f-4b92-af00-9d05b99c6073",
              "parentUUID": "90c426d2-5270-4f5c-8a29-362f634d1f76",
              "isHook": false,
              "skipped": false
            }
          ],
          "suites": [],
          "passes": [
            "3036f557-846f-4b92-af00-9d05b99c6073"
          ],
          "failures": [],
          "pending": [],
          "skipped": [],
          "duration": 1851,
          "root": false,
          "rootEmpty": false,
          "_timeout": 2000
        }
      ],
      "passes": [],
      "failures": [],
      "pending": [],
      "skipped": [],
      "duration": 0,
      "root": true,
      "rootEmpty": true,
      "_timeout": 2000
    },
    {
      "uuid": "09090894-efc0-4554-8726-36ec70205245",
      "title": "",
      "fullFile": "cypress/integration/webdriver-uni/js-alerts.js",
      "file": "cypress/integration/webdriver-uni/js-alerts.js",
      "beforeHooks": [],
      "afterHooks": [],
      "tests": [],
      "suites": [
        {
          "uuid": "f972ad2e-73d3-4a67-baa4-636c0674c1b9",
          "title": "Hadle js alerts",
          "fullFile": "",
          "file": "",
          "beforeHooks": [],
          "afterHooks": [],
          "tests": [
            {
              "title": "confirm js alert contains the correct text",
              "fullTitle": "Hadle js alerts confirm js alert contains the correct text",
              "timedOut": null,
              "duration": 1046,
              "state": "passed",
              "speed": "slow",
              "pass": true,
              "fail": false,
              "pending": false,
              "context": null,
              "code": "//cy.visit(\"http://webdriveruniversity.com/Contact-Us/contactus.html\");\ncy.visit(\"http://webdriveruniversity.com\");\ncy.get(\"#popup-alerts\").invoke(\"removeAttr\", \"target\").click({\n  force: true\n});\ncy.get('#button1').click();\ncy.on('window:alert', function (str) {\n  expect(str).to.equal(\"I am an alert box!\");\n});",
              "err": {},
              "uuid": "d4234ebb-7bed-4623-85fb-9e7eca8f2b5a",
              "parentUUID": "f972ad2e-73d3-4a67-baa4-636c0674c1b9",
              "isHook": false,
              "skipped": false
            },
            {
              "title": "validate js confirm alert box works correctly when clicking ok",
              "fullTitle": "Hadle js alerts validate js confirm alert box works correctly when clicking ok",
              "timedOut": null,
              "duration": 495,
              "state": "passed",
              "speed": "slow",
              "pass": true,
              "fail": false,
              "pending": false,
              "context": null,
              "code": "//cy.visit(\"http://webdriveruniversity.com/Contact-Us/contactus.html\");\ncy.visit(\"http://webdriveruniversity.com\");\ncy.get(\"#popup-alerts\").invoke(\"removeAttr\", \"target\").click({\n  force: true\n});\ncy.get('#button4').click();\ncy.on('window:confirm', function (str) {\n  return true;\n});\ncy.get;\ncy.get('#confirm-alert-text').contains('You pressed OK');",
              "err": {},
              "uuid": "afd4cfd6-27a3-4254-8dcb-396c6cda56ad",
              "parentUUID": "f972ad2e-73d3-4a67-baa4-636c0674c1b9",
              "isHook": false,
              "skipped": false
            },
            {
              "title": "validate js confirm alert box works correctly when clicking cancel",
              "fullTitle": "Hadle js alerts validate js confirm alert box works correctly when clicking cancel",
              "timedOut": null,
              "duration": 434,
              "state": "passed",
              "speed": "slow",
              "pass": true,
              "fail": false,
              "pending": false,
              "context": null,
              "code": "//cy.visit(\"http://webdriveruniversity.com/Contact-Us/contactus.html\");\ncy.visit(\"http://webdriveruniversity.com\");\ncy.get(\"#popup-alerts\").invoke(\"removeAttr\", \"target\").click({\n  force: true\n});\ncy.get('#button4').click();\ncy.on('window:confirm', function (str) {\n  return false;\n});\ncy.get;\ncy.get('#confirm-alert-text').contains('You pressed Cancel!');",
              "err": {},
              "uuid": "0615b270-db07-4434-aced-cea43b012c36",
              "parentUUID": "f972ad2e-73d3-4a67-baa4-636c0674c1b9",
              "isHook": false,
              "skipped": false
            },
            {
              "title": "validate js confirm alert box using a stub",
              "fullTitle": "Hadle js alerts validate js confirm alert box using a stub",
              "timedOut": null,
              "duration": 467,
              "state": "passed",
              "speed": "slow",
              "pass": true,
              "fail": false,
              "pending": false,
              "context": null,
              "code": "//cy.visit(\"http://webdriveruniversity.com/Contact-Us/contactus.html\");\ncy.visit(\"http://webdriveruniversity.com\");\ncy.get(\"#popup-alerts\").invoke(\"removeAttr\", \"target\").click({\n  force: true\n});\nvar stub = cy.stub();\ncy.on('window:confirm', stub);\ncy.get('#button4').click().then(function () {\n  expect(stub.getCall(0)).to.be.calledWith('Press a button!');\n}).then(function () {\n  return true;\n}).then(function () {\n  cy.get('#confirm-alert-text').contains('You pressed OK');\n});",
              "err": {},
              "uuid": "2f4252af-af31-4475-b831-c932d66362c8",
              "parentUUID": "f972ad2e-73d3-4a67-baa4-636c0674c1b9",
              "isHook": false,
              "skipped": false
            }
          ],
          "suites": [],
          "passes": [
            "d4234ebb-7bed-4623-85fb-9e7eca8f2b5a",
            "afd4cfd6-27a3-4254-8dcb-396c6cda56ad",
            "0615b270-db07-4434-aced-cea43b012c36",
            "2f4252af-af31-4475-b831-c932d66362c8"
          ],
          "failures": [],
          "pending": [],
          "skipped": [],
          "duration": 2442,
          "root": false,
          "rootEmpty": false,
          "_timeout": 2000
        }
      ],
      "passes": [],
      "failures": [],
      "pending": [],
      "skipped": [],
      "duration": 0,
      "root": true,
      "rootEmpty": true,
      "_timeout": 2000
    },
    {
      "uuid": "84c8ddeb-f50e-440b-bec6-0fb969d0e900",
      "title": "",
      "fullFile": "cypress/integration/webdriver-uni/mouse-actions.js",
      "file": "cypress/integration/webdriver-uni/mouse-actions.js",
      "beforeHooks": [],
      "afterHooks": [],
      "tests": [],
      "suites": [
        {
          "uuid": "28ff4567-13e4-4043-b2f8-a41cd29f7ed3",
          "title": "Test mouse actions",
          "fullFile": "",
          "file": "",
          "beforeHooks": [],
          "afterHooks": [],
          "tests": [
            {
              "title": "scroll element into view",
              "fullTitle": "Test mouse actions scroll element into view",
              "timedOut": null,
              "duration": 589,
              "state": "passed",
              "speed": "slow",
              "pass": true,
              "fail": false,
              "pending": false,
              "context": null,
              "code": "cy.visit(\"http://webdriveruniversity.com\");\ncy.get(\"#actions\").scrollIntoView().invoke(\"removeAttr\", \"target\").click({\n  force: true\n});",
              "err": {},
              "uuid": "240b75e4-00e5-478b-acd4-39d011755284",
              "parentUUID": "28ff4567-13e4-4043-b2f8-a41cd29f7ed3",
              "isHook": false,
              "skipped": false
            },
            {
              "title": "drag and drop a dragable item",
              "fullTitle": "Test mouse actions drag and drop a dragable item",
              "timedOut": null,
              "duration": 473,
              "state": "passed",
              "speed": "slow",
              "pass": true,
              "fail": false,
              "pending": false,
              "context": null,
              "code": "cy.visit(\"http://webdriveruniversity.com\");\ncy.get(\"#actions\").scrollIntoView().invoke(\"removeAttr\", \"target\").click({\n  force: true\n});\ncy.get('#draggable').trigger('mousedown', {\n  which: 1\n});\ncy.get('#droppable').trigger('mousemove').trigger('mouseup', {\n  force: true\n});",
              "err": {},
              "uuid": "fb0e6d01-b554-499d-a36f-29dcd4c4a5fe",
              "parentUUID": "28ff4567-13e4-4043-b2f8-a41cd29f7ed3",
              "isHook": false,
              "skipped": false
            },
            {
              "title": "doubleclick on element",
              "fullTitle": "Test mouse actions doubleclick on element",
              "timedOut": null,
              "duration": 582,
              "state": "passed",
              "speed": "slow",
              "pass": true,
              "fail": false,
              "pending": false,
              "context": null,
              "code": "cy.visit(\"http://webdriveruniversity.com\");\ncy.get(\"#actions\").scrollIntoView().invoke(\"removeAttr\", \"target\").click({\n  force: true\n});\ncy.get('#double-click').dblclick();",
              "err": {},
              "uuid": "f61f22d2-a4d4-48f5-86a2-52164ef6a814",
              "parentUUID": "28ff4567-13e4-4043-b2f8-a41cd29f7ed3",
              "isHook": false,
              "skipped": false
            },
            {
              "title": "hold a click down",
              "fullTitle": "Test mouse actions hold a click down",
              "timedOut": null,
              "duration": 383,
              "state": "passed",
              "speed": "slow",
              "pass": true,
              "fail": false,
              "pending": false,
              "context": null,
              "code": "cy.visit(\"http://webdriveruniversity.com\");\ncy.get(\"#actions\").scrollIntoView().invoke(\"removeAttr\", \"target\").click({\n  force: true\n});\ncy.get('#click-box').trigger('mousedown', {\n  which: 1\n}).then(function ($element) {\n  expect($element).to.have.css('background-color', 'rgb(0, 255, 0)');\n});",
              "err": {},
              "uuid": "795af439-b70f-4345-abed-15f41f459622",
              "parentUUID": "28ff4567-13e4-4043-b2f8-a41cd29f7ed3",
              "isHook": false,
              "skipped": false
            }
          ],
          "suites": [],
          "passes": [
            "240b75e4-00e5-478b-acd4-39d011755284",
            "fb0e6d01-b554-499d-a36f-29dcd4c4a5fe",
            "f61f22d2-a4d4-48f5-86a2-52164ef6a814",
            "795af439-b70f-4345-abed-15f41f459622"
          ],
          "failures": [],
          "pending": [],
          "skipped": [],
          "duration": 2027,
          "root": false,
          "rootEmpty": false,
          "_timeout": 2000
        }
      ],
      "passes": [],
      "failures": [],
      "pending": [],
      "skipped": [],
      "duration": 0,
      "root": true,
      "rootEmpty": true,
      "_timeout": 2000
    },
    {
      "uuid": "84f14076-9a01-42a5-8da4-0d94177eadd0",
      "title": "",
      "fullFile": "cypress/integration/webdriver-uni/radiobuttons.js",
      "file": "cypress/integration/webdriver-uni/radiobuttons.js",
      "beforeHooks": [],
      "afterHooks": [],
      "tests": [],
      "suites": [
        {
          "uuid": "9379cf3f-6114-435f-bcdc-b2558a457255",
          "title": "Test contact us form via webdriveruni",
          "fullFile": "",
          "file": "",
          "beforeHooks": [],
          "afterHooks": [],
          "tests": [
            {
              "title": "should be able to do a successful submission via contact us form",
              "fullTitle": "Test contact us form via webdriveruni should be able to do a successful submission via contact us form",
              "timedOut": null,
              "duration": 706,
              "state": "passed",
              "speed": "slow",
              "pass": true,
              "fail": false,
              "pending": false,
              "context": null,
              "code": "cy.get('#radio-buttons > input[value=\"blue\"]').check();",
              "err": {},
              "uuid": "3838b800-dfaf-46d8-a5ed-0994b5d56713",
              "parentUUID": "9379cf3f-6114-435f-bcdc-b2558a457255",
              "isHook": false,
              "skipped": false
            },
            {
              "title": "validate the states of specific radiobuttons",
              "fullTitle": "Test contact us form via webdriveruni validate the states of specific radiobuttons",
              "timedOut": null,
              "duration": 137,
              "state": "passed",
              "speed": "slow",
              "pass": true,
              "fail": false,
              "pending": false,
              "context": null,
              "code": "cy.get('input[value=\"lettuce\"]').should('not.be.checked'); //cy.get('[value=\"cabagge\"]').should('be.disabled');\ncy.get('input[value=\"pumpkin\"]').should('be.checked');\ncy.get('input[value=\"lettuce\"]').check().should('be.checked');\ncy.get('input[value=\"pumpkin\"]').should('not.be.checked');\ncy.get('#radio-buttons-selected-disabled > :nth-child(3)').should('be.disabled');",
              "err": {},
              "uuid": "d165d90e-dcc1-4e8e-987a-1c0f6c7b9bfd",
              "parentUUID": "9379cf3f-6114-435f-bcdc-b2558a457255",
              "isHook": false,
              "skipped": false
            }
          ],
          "suites": [],
          "passes": [
            "3838b800-dfaf-46d8-a5ed-0994b5d56713",
            "d165d90e-dcc1-4e8e-987a-1c0f6c7b9bfd"
          ],
          "failures": [],
          "pending": [],
          "skipped": [],
          "duration": 843,
          "root": false,
          "rootEmpty": false,
          "_timeout": 2000
        }
      ],
      "passes": [],
      "failures": [],
      "pending": [],
      "skipped": [],
      "duration": 0,
      "root": true,
      "rootEmpty": true,
      "_timeout": 2000
    },
    {
      "uuid": "dd295f82-2973-40f9-8dd4-055ec76a400b",
      "title": "",
      "fullFile": "cypress/integration/webdriver-uni/selectors.js",
      "file": "cypress/integration/webdriver-uni/selectors.js",
      "beforeHooks": [],
      "afterHooks": [],
      "tests": [],
      "suites": [
        {
          "uuid": "cee277ef-2c72-44c6-9afc-6cd603f26c1b",
          "title": "Selector examples",
          "fullFile": "",
          "file": "",
          "beforeHooks": [],
          "afterHooks": [],
          "tests": [
            {
              "title": "Examples of Selectors via WebdriverUni Contact Us Page",
              "fullTitle": "Selector examples Examples of Selectors via WebdriverUni Contact Us Page",
              "timedOut": null,
              "duration": 444,
              "state": "passed",
              "speed": "slow",
              "pass": true,
              "fail": false,
              "pending": false,
              "context": null,
              "code": "cy.visit(\"http://www.webdriveruniversity.com/Contact-Us/contactus.html\"); //By tag name\ncy.get(\"input\"); //By attribute name and value\ncy.get(\"input[name='first_name']\"); //By id\ncy.get(\"#contact_me\"); //By class\ncy.get(\".feedback-input\"); //By multiple classes\ncy.get(\"[class='navbar navbar-inverse navbar-fixed-top']\"); //By two different attributes\ncy.get(\"[name='email'][placeholder='Email Address']\"); //By xpath\ncy.xpath(\"//input[@name='first_name']\");",
              "err": {},
              "uuid": "7fcef97d-97cc-47af-936f-5cc1eb62a90a",
              "parentUUID": "cee277ef-2c72-44c6-9afc-6cd603f26c1b",
              "isHook": false,
              "skipped": false
            }
          ],
          "suites": [],
          "passes": [
            "7fcef97d-97cc-47af-936f-5cc1eb62a90a"
          ],
          "failures": [],
          "pending": [],
          "skipped": [],
          "duration": 444,
          "root": false,
          "rootEmpty": false,
          "_timeout": 2000
        }
      ],
      "passes": [],
      "failures": [],
      "pending": [],
      "skipped": [],
      "duration": 0,
      "root": true,
      "rootEmpty": true,
      "_timeout": 2000
    },
    {
      "uuid": "04f78974-6c2d-4411-9c0a-b166e159b21c",
      "title": "",
      "fullFile": "cypress/integration/webdriver-uni/traversing-elements.js",
      "file": "cypress/integration/webdriver-uni/traversing-elements.js",
      "beforeHooks": [],
      "afterHooks": [],
      "tests": [],
      "suites": [
        {
          "uuid": "4b9eeccc-9c1f-4c67-b64b-ac9c41d2220f",
          "title": "Traversing DOM elements in Cypress",
          "fullFile": "",
          "file": "",
          "beforeHooks": [],
          "afterHooks": [],
          "tests": [
            {
              "title": "find() to retrieve DOM elements of a given selector",
              "fullTitle": "Traversing DOM elements in Cypress find() to retrieve DOM elements of a given selector",
              "timedOut": null,
              "duration": 962,
              "state": "passed",
              "speed": "slow",
              "pass": true,
              "fail": false,
              "pending": false,
              "context": null,
              "code": "cy.get('.traversal-pagination').find('li').find('a').should('have.length', 7);",
              "err": {},
              "uuid": "7ae591c2-07b8-418a-80e8-a84686963a63",
              "parentUUID": "4b9eeccc-9c1f-4c67-b64b-ac9c41d2220f",
              "isHook": false,
              "skipped": false
            }
          ],
          "suites": [],
          "passes": [
            "7ae591c2-07b8-418a-80e8-a84686963a63"
          ],
          "failures": [],
          "pending": [],
          "skipped": [],
          "duration": 962,
          "root": false,
          "rootEmpty": false,
          "_timeout": 2000
        }
      ],
      "passes": [],
      "failures": [],
      "pending": [],
      "skipped": [],
      "duration": 0,
      "root": true,
      "rootEmpty": true,
      "_timeout": 2000
    }
  ],
  "meta": {
    "mocha": {
      "version": "7.0.1"
    },
    "mochawesome": {
      "options": {
        "quiet": false,
        "reportFilename": "mochawesome",
        "saveHtml": false,
        "saveJson": true,
        "consoleReporter": "spec",
        "useInlineDiffs": false,
        "code": true
      },
      "version": "6.2.1"
    },
    "marge": {
      "options": {
        "id": "default",
        "reportDir": "cypress/results/mochawesome",
        "quite": true,
        "overwrite": false,
        "html": false,
        "json": true
      },
      "version": "5.1.0"
    }
  }
}