{
  "stats": {
    "suites": 1,
    "tests": 1,
    "passes": 1,
    "pending": 0,
    "failures": 0,
    "start": "2020-12-28T15:04:54.483Z",
    "end": "2020-12-28T15:04:59.444Z",
    "duration": 4961,
    "testsRegistered": 1,
    "passPercent": 100,
    "pendingPercent": 0,
    "other": 0,
    "hasOther": false,
    "skipped": 0,
    "hasSkipped": false
  },
  "results": [
    {
      "uuid": "7228b070-1d31-4ed2-aedc-460ceb4725b7",
      "title": "",
      "fullFile": "cypress/integration/automation-test-store/contact-us.js",
      "file": "cypress/integration/automation-test-store/contact-us.js",
      "beforeHooks": [],
      "afterHooks": [],
      "tests": [],
      "suites": [
        {
          "uuid": "9862f31f-fbeb-4cf1-ade1-c03048caad4c",
          "title": "Test contact us form via automationTestStore",
          "fullFile": "",
          "file": "",
          "beforeHooks": [],
          "afterHooks": [],
          "tests": [
            {
              "title": "should be able to do a successful submission via contact us form",
              "fullTitle": "Test contact us form via automationTestStore should be able to do a successful submission via contact us form",
              "timedOut": null,
              "duration": 4860,
              "state": "passed",
              "speed": "slow",
              "pass": true,
              "fail": false,
              "pending": false,
              "context": null,
              "code": "cy.visit(\"https://automationteststore.com/\");\ncy.get(\"a[href$='contact']\").click().then(function (linkName) {\n  cy.log(\"name of the link is: \" + linkName.text());\n}); //a[contains(@href, 'contact')]\n//cy.xpath(\"//a[contains(@href, 'contact')]\").click();\ncy.get(\"@user\").then(function (user) {\n  cy.get('#ContactUsFrm_first_name').type(user.first_name);\n  cy.get('#ContactUsFrm_email').type(user.email);\n});\ncy.get('#ContactUsFrm_email').should('have.attr', 'name', 'email');\ncy.get('#ContactUsFrm_enquiry').type('hello');\ncy.get('button[title=\"Submit\"]').click();\ncy.get('.mb40 > :nth-child(3)').should('have.text', 'Your enquiry has been successfully sent to the store owner!');",
              "err": {},
              "uuid": "091e5e33-fbf2-49dd-9ffb-274cd936f05e",
              "parentUUID": "9862f31f-fbeb-4cf1-ade1-c03048caad4c",
              "isHook": false,
              "skipped": false
            }
          ],
          "suites": [],
          "passes": [
            "091e5e33-fbf2-49dd-9ffb-274cd936f05e"
          ],
          "failures": [],
          "pending": [],
          "skipped": [],
          "duration": 4860,
          "root": false,
          "rootEmpty": false,
          "_timeout": 2000
        }
      ],
      "passes": [],
      "failures": [],
      "pending": [],
      "skipped": [],
      "duration": 0,
      "root": true,
      "rootEmpty": true,
      "_timeout": 2000
    }
  ],
  "meta": {
    "mocha": {
      "version": "7.0.1"
    },
    "mochawesome": {
      "options": {
        "quiet": false,
        "reportFilename": "mochawesome",
        "saveHtml": false,
        "saveJson": true,
        "consoleReporter": "spec",
        "useInlineDiffs": false,
        "code": true
      },
      "version": "6.2.1"
    },
    "marge": {
      "options": {
        "id": "default",
        "reportDir": "cypress/results/mochawesome",
        "quite": true,
        "overwrite": false,
        "html": false,
        "json": true
      },
      "version": "5.1.0"
    }
  }
}