{
  "stats": {
    "suites": 1,
    "tests": 1,
    "passes": 1,
    "pending": 0,
    "failures": 0,
    "start": "2020-12-28T15:42:45.699Z",
    "end": "2020-12-28T15:42:50.778Z",
    "duration": 5079,
    "testsRegistered": 1,
    "passPercent": 100,
    "pendingPercent": 0,
    "other": 0,
    "hasOther": false,
    "skipped": 0,
    "hasSkipped": false
  },
  "results": [
    {
      "uuid": "661f2c3c-6ca4-4743-aea1-d4ea9b33ed09",
      "title": "",
      "fullFile": "cypress/integration/automation-test-store/add-multiple-items-to-basket.js",
      "file": "cypress/integration/automation-test-store/add-multiple-items-to-basket.js",
      "beforeHooks": [],
      "afterHooks": [],
      "tests": [],
      "suites": [
        {
          "uuid": "9d7cc4d3-e429-4d8e-875b-d813db691a7a",
          "title": "Add multiple times to basket",
          "fullFile": "",
          "file": "",
          "beforeHooks": [],
          "afterHooks": [],
          "tests": [
            {
              "title": "Add specific items to basket",
              "fullTitle": "Add multiple times to basket Add specific items to basket",
              "timedOut": null,
              "duration": 3429,
              "state": "passed",
              "speed": "slow",
              "pass": true,
              "fail": false,
              "pending": false,
              "context": null,
              "code": "autoStore_HairCare_PO.addHairCareProductToBasket(); // globalThis.data.productName.forEach((element) => {\n//     cy.addProductToBasket(element)\n// })\n// cy.get('.dropdown-toggle > .fa').click()",
              "err": {},
              "uuid": "ea87080f-f1e0-4c16-8e37-57b2939511c0",
              "parentUUID": "9d7cc4d3-e429-4d8e-875b-d813db691a7a",
              "isHook": false,
              "skipped": false
            }
          ],
          "suites": [],
          "passes": [
            "ea87080f-f1e0-4c16-8e37-57b2939511c0"
          ],
          "failures": [],
          "pending": [],
          "skipped": [],
          "duration": 3429,
          "root": false,
          "rootEmpty": false,
          "_timeout": 2000
        }
      ],
      "passes": [],
      "failures": [],
      "pending": [],
      "skipped": [],
      "duration": 0,
      "root": true,
      "rootEmpty": true,
      "_timeout": 2000
    }
  ],
  "meta": {
    "mocha": {
      "version": "7.0.1"
    },
    "mochawesome": {
      "options": {
        "quiet": false,
        "reportFilename": "mochawesome",
        "saveHtml": false,
        "saveJson": true,
        "consoleReporter": "spec",
        "useInlineDiffs": false,
        "code": true
      },
      "version": "6.2.1"
    },
    "marge": {
      "options": {
        "id": "default",
        "reportDir": "cypress/results/mochawesome",
        "quite": true,
        "overwrite": false,
        "html": false,
        "json": true
      },
      "version": "5.1.0"
    }
  }
}