{
  "stats": {
    "suites": 1,
    "tests": 1,
    "passes": 1,
    "pending": 0,
    "failures": 0,
    "start": "2020-12-28T15:05:44.555Z",
    "end": "2020-12-28T15:05:47.872Z",
    "duration": 3317,
    "testsRegistered": 1,
    "passPercent": 100,
    "pendingPercent": 0,
    "other": 0,
    "hasOther": false,
    "skipped": 0,
    "hasSkipped": false
  },
  "results": [
    {
      "uuid": "e04ad1a1-cb98-4493-92cf-924338ea07a6",
      "title": "",
      "fullFile": "cypress/integration/webdriver-uni/autocomplete-dropdown-list.js",
      "file": "cypress/integration/webdriver-uni/autocomplete-dropdown-list.js",
      "beforeHooks": [],
      "afterHooks": [],
      "tests": [],
      "suites": [
        {
          "uuid": "9d232575-887d-4778-a5b1-d06bbc2dfcd5",
          "title": "Verify autocomplete dropdown lists via webdriveruni",
          "fullFile": "",
          "file": "",
          "beforeHooks": [],
          "afterHooks": [],
          "tests": [
            {
              "title": "select spedific product via autocomplete lis",
              "fullTitle": "Verify autocomplete dropdown lists via webdriveruni select spedific product via autocomplete lis",
              "timedOut": null,
              "duration": 2181,
              "state": "passed",
              "speed": "slow",
              "pass": true,
              "fail": false,
              "pending": false,
              "context": null,
              "code": "cy.visit(\"http://webdriveruniversity.com\");\ncy.get('#autocomplete-textfield').invoke('removeAttr', 'target').click({\n  force: true\n});\ncy.get('#myInput').type('A');\ncy.get('#myInputautocomplete-list>*').each(function ($el, index, $list) {\n  var prod = $el.text();\n  var productToSelect = 'Avacado';\n  if (prod === productToSelect) {\n    $el.click();\n    cy.get('#submit-button').click();\n    cy.url().should('include', productToSelect);\n  }\n}).then(function () {\n  cy.get('#myInput').type('g');\n  cy.get('#myInputautocomplete-list>*').each(function ($el, index, $list) {\n    var prod = $el.text();\n    var productToSelect = 'Grapes';\n    if (prod === productToSelect) {\n      $el.click();\n      cy.get('#submit-button').click();\n      cy.url().should('include', productToSelect);\n    }\n  });\n});",
              "err": {},
              "uuid": "86ba0f83-15a6-43fd-8081-b09303c55de8",
              "parentUUID": "9d232575-887d-4778-a5b1-d06bbc2dfcd5",
              "isHook": false,
              "skipped": false
            }
          ],
          "suites": [],
          "passes": [
            "86ba0f83-15a6-43fd-8081-b09303c55de8"
          ],
          "failures": [],
          "pending": [],
          "skipped": [],
          "duration": 2181,
          "root": false,
          "rootEmpty": false,
          "_timeout": 2000
        }
      ],
      "passes": [],
      "failures": [],
      "pending": [],
      "skipped": [],
      "duration": 0,
      "root": true,
      "rootEmpty": true,
      "_timeout": 2000
    }
  ],
  "meta": {
    "mocha": {
      "version": "7.0.1"
    },
    "mochawesome": {
      "options": {
        "quiet": false,
        "reportFilename": "mochawesome",
        "saveHtml": false,
        "saveJson": true,
        "consoleReporter": "spec",
        "useInlineDiffs": false,
        "code": true
      },
      "version": "6.2.1"
    },
    "marge": {
      "options": {
        "id": "default",
        "reportDir": "cypress/results/mochawesome",
        "quite": true,
        "overwrite": false,
        "html": false,
        "json": true
      },
      "version": "5.1.0"
    }
  }
}