{
  "stats": {
    "suites": 1,
    "tests": 2,
    "passes": 2,
    "pending": 0,
    "failures": 0,
    "start": "2020-12-28T15:06:03.732Z",
    "end": "2020-12-28T15:06:11.634Z",
    "duration": 7902,
    "testsRegistered": 2,
    "passPercent": 100,
    "pendingPercent": 0,
    "other": 0,
    "hasOther": false,
    "skipped": 0,
    "hasSkipped": false
  },
  "results": [
    {
      "uuid": "93bbedd4-d612-4016-b5c2-8f8800dd175c",
      "title": "",
      "fullFile": "cypress/integration/webdriver-uni/contact-us.js",
      "file": "cypress/integration/webdriver-uni/contact-us.js",
      "beforeHooks": [],
      "afterHooks": [],
      "tests": [],
      "suites": [
        {
          "uuid": "cc04fc14-3c9f-4500-bb6e-da8ee1a7fe0e",
          "title": "Test contact us form via webdriveruni",
          "fullFile": "",
          "file": "",
          "beforeHooks": [],
          "afterHooks": [],
          "tests": [
            {
              "title": "should be able to do a successful submission via contact us form",
              "fullTitle": "Test contact us form via webdriveruni should be able to do a successful submission via contact us form",
              "timedOut": null,
              "duration": 3557,
              "state": "passed",
              "speed": "slow",
              "pass": true,
              "fail": false,
              "pending": false,
              "context": null,
              "code": "//cypress code\n//cy.visit(\"http://webdriveruniversity.com/Contact-Us/contactus.html\");\n// cy.document().should('have.property', 'charset').and('eq', 'UTF-8');\n// cy.title().should('include', 'WebDriver');\n// cy.url().should('include', 'contactus');\n// cy.webdriverUni_ContactForm_Submission(\n//     Cypress.env(\"first_name\"), \n//     data.last_name, \n//     data.email, \n//     'hello', \n//     'h1', \n//     'Thank You for your Message!')\ncontact_Us_PO.contactForm_Submission(Cypress.env(\"first_name\"), data.last_name, data.email, 'hello', 'h1', 'Thank You for your Message!');",
              "err": {},
              "uuid": "87b8c77b-c553-4872-b844-18deacb8c92b",
              "parentUUID": "cc04fc14-3c9f-4500-bb6e-da8ee1a7fe0e",
              "isHook": false,
              "skipped": false
            },
            {
              "title": "should not do a successful submission via contact us form as all field are reequired",
              "fullTitle": "Test contact us form via webdriveruni should not do a successful submission via contact us form as all field are reequired",
              "timedOut": null,
              "duration": 2364,
              "state": "passed",
              "speed": "slow",
              "pass": true,
              "fail": false,
              "pending": false,
              "context": null,
              "code": "contact_Us_PO.contactForm_Submission(Cypress.env(\"first_name\"), data.last_name, \" \", 'hello', 'body', 'Invalid email address'); //cy.webdriverUni_ContactForm_Submission(data.first_name, data.last_name, \" \", 'hello there', 'body', 'Error: Invalid email address')",
              "err": {},
              "uuid": "b6f8dab5-7371-43c2-87b9-8c006cd50603",
              "parentUUID": "cc04fc14-3c9f-4500-bb6e-da8ee1a7fe0e",
              "isHook": false,
              "skipped": false
            }
          ],
          "suites": [],
          "passes": [
            "87b8c77b-c553-4872-b844-18deacb8c92b",
            "b6f8dab5-7371-43c2-87b9-8c006cd50603"
          ],
          "failures": [],
          "pending": [],
          "skipped": [],
          "duration": 5921,
          "root": false,
          "rootEmpty": false,
          "_timeout": 2000
        }
      ],
      "passes": [],
      "failures": [],
      "pending": [],
      "skipped": [],
      "duration": 0,
      "root": true,
      "rootEmpty": true,
      "_timeout": 2000
    }
  ],
  "meta": {
    "mocha": {
      "version": "7.0.1"
    },
    "mochawesome": {
      "options": {
        "quiet": false,
        "reportFilename": "mochawesome",
        "saveHtml": false,
        "saveJson": true,
        "consoleReporter": "spec",
        "useInlineDiffs": false,
        "code": true
      },
      "version": "6.2.1"
    },
    "marge": {
      "options": {
        "id": "default",
        "reportDir": "cypress/results/mochawesome",
        "quite": true,
        "overwrite": false,
        "html": false,
        "json": true
      },
      "version": "5.1.0"
    }
  }
}