{
  "stats": {
    "suites": 1,
    "tests": 2,
    "passes": 2,
    "pending": 0,
    "failures": 0,
    "start": "2020-12-28T12:08:23.105Z",
    "end": "2020-12-28T12:08:29.799Z",
    "duration": 6694,
    "testsRegistered": 2,
    "passPercent": 100,
    "pendingPercent": 0,
    "other": 0,
    "hasOther": false,
    "skipped": 0,
    "hasSkipped": false
  },
  "results": [
    {
      "uuid": "5cb30c1f-346e-40aa-97f9-c35cc693bc0b",
      "title": "",
      "fullFile": "cypress/integration/webdriver-uni/contact-us.js",
      "file": "cypress/integration/webdriver-uni/contact-us.js",
      "beforeHooks": [],
      "afterHooks": [],
      "tests": [],
      "suites": [
        {
          "uuid": "9e64cd87-55ea-4d3a-bdec-964c5ac73a51",
          "title": "Test contact us form via webdriveruni",
          "fullFile": "",
          "file": "",
          "beforeHooks": [],
          "afterHooks": [],
          "tests": [
            {
              "title": "should be able to do a successful submission via contact us form",
              "fullTitle": "Test contact us form via webdriveruni should be able to do a successful submission via contact us form",
              "timedOut": null,
              "duration": 3980,
              "state": "passed",
              "speed": "slow",
              "pass": true,
              "fail": false,
              "pending": false,
              "context": null,
              "code": "//cypress code\n//cy.visit(\"http://webdriveruniversity.com/Contact-Us/contactus.html\");\n// cy.document().should('have.property', 'charset').and('eq', 'UTF-8');\n// cy.title().should('include', 'WebDriver');\n// cy.url().should('include', 'contactus');\n// cy.webdriverUni_ContactForm_Submission(\n//     Cypress.env(\"first_name\"), \n//     data.last_name, \n//     data.email, \n//     'hello', \n//     'h1', \n//     'Thank You for your Message!')\ncontact_Us_PO.contactForm_Submission(Cypress.env(\"first_name\"), data.last_name, data.email, 'hello', 'h1', 'Thank You for your Message!');",
              "err": {},
              "uuid": "7cd7f7d2-1ca9-4814-bc07-344e829d039c",
              "parentUUID": "9e64cd87-55ea-4d3a-bdec-964c5ac73a51",
              "isHook": false,
              "skipped": false
            },
            {
              "title": "should not do a successful submission via contact us form as all field are reequired",
              "fullTitle": "Test contact us form via webdriveruni should not do a successful submission via contact us form as all field are reequired",
              "timedOut": null,
              "duration": 2654,
              "state": "passed",
              "speed": "slow",
              "pass": true,
              "fail": false,
              "pending": false,
              "context": null,
              "code": "contact_Us_PO.contactForm_Submission(Cypress.env(\"first_name\"), data.last_name, \" \", 'hello', 'body', 'Invalid email address'); //cy.webdriverUni_ContactForm_Submission(data.first_name, data.last_name, \" \", 'hello there', 'body', 'Error: Invalid email address')",
              "err": {},
              "uuid": "96576827-9919-48d9-8e0d-4fe64524aa95",
              "parentUUID": "9e64cd87-55ea-4d3a-bdec-964c5ac73a51",
              "isHook": false,
              "skipped": false
            }
          ],
          "suites": [],
          "passes": [
            "7cd7f7d2-1ca9-4814-bc07-344e829d039c",
            "96576827-9919-48d9-8e0d-4fe64524aa95"
          ],
          "failures": [],
          "pending": [],
          "skipped": [],
          "duration": 6634,
          "root": false,
          "rootEmpty": false,
          "_timeout": 2000
        }
      ],
      "passes": [],
      "failures": [],
      "pending": [],
      "skipped": [],
      "duration": 0,
      "root": true,
      "rootEmpty": true,
      "_timeout": 2000
    }
  ],
  "meta": {
    "mocha": {
      "version": "7.0.1"
    },
    "mochawesome": {
      "options": {
        "quiet": false,
        "reportFilename": "mochawesome",
        "saveHtml": false,
        "saveJson": true,
        "consoleReporter": "spec",
        "useInlineDiffs": false,
        "code": true
      },
      "version": "6.2.1"
    },
    "marge": {
      "options": {
        "id": "default",
        "reportDir": "cypress/results/mochawesome",
        "quite": true,
        "overwrite": false,
        "html": false,
        "json": true
      },
      "version": "5.1.0"
    }
  }
}