{
  "stats": {
    "suites": 1,
    "tests": 2,
    "passes": 2,
    "pending": 0,
    "failures": 0,
    "start": "2020-12-28T15:05:21.714Z",
    "end": "2020-12-28T15:05:21.840Z",
    "duration": 126,
    "testsRegistered": 2,
    "passPercent": 100,
    "pendingPercent": 0,
    "other": 0,
    "hasOther": false,
    "skipped": 0,
    "hasSkipped": false
  },
  "results": [
    {
      "uuid": "70a6965e-2ea1-404a-bc7e-45e060bcb833",
      "title": "",
      "fullFile": "cypress/integration/other/hooks.js",
      "file": "cypress/integration/other/hooks.js",
      "beforeHooks": [],
      "afterHooks": [],
      "tests": [],
      "suites": [
        {
          "uuid": "d8a55058-0f53-4cc9-a37c-2fc7c4025428",
          "title": "Hooks",
          "fullFile": "",
          "file": "",
          "beforeHooks": [],
          "afterHooks": [],
          "tests": [
            {
              "title": "example test 1",
              "fullTitle": "Hooks example test 1",
              "timedOut": null,
              "duration": 67,
              "state": "passed",
              "speed": "medium",
              "pass": true,
              "fail": false,
              "pending": false,
              "context": null,
              "code": "cy.log(\"example test 1!\");",
              "err": {},
              "uuid": "b301e5a3-d479-4544-9bde-d91ef271083e",
              "parentUUID": "d8a55058-0f53-4cc9-a37c-2fc7c4025428",
              "isHook": false,
              "skipped": false
            },
            {
              "title": "example test 2",
              "fullTitle": "Hooks example test 2",
              "timedOut": null,
              "duration": 15,
              "state": "passed",
              "speed": "fast",
              "pass": true,
              "fail": false,
              "pending": false,
              "context": null,
              "code": "cy.log(\"example test 2!\");",
              "err": {},
              "uuid": "f7d07122-13de-4209-bd2e-77c74f378e88",
              "parentUUID": "d8a55058-0f53-4cc9-a37c-2fc7c4025428",
              "isHook": false,
              "skipped": false
            }
          ],
          "suites": [],
          "passes": [
            "b301e5a3-d479-4544-9bde-d91ef271083e",
            "f7d07122-13de-4209-bd2e-77c74f378e88"
          ],
          "failures": [],
          "pending": [],
          "skipped": [],
          "duration": 82,
          "root": false,
          "rootEmpty": false,
          "_timeout": 2000
        }
      ],
      "passes": [],
      "failures": [],
      "pending": [],
      "skipped": [],
      "duration": 0,
      "root": true,
      "rootEmpty": true,
      "_timeout": 2000
    }
  ],
  "meta": {
    "mocha": {
      "version": "7.0.1"
    },
    "mochawesome": {
      "options": {
        "quiet": false,
        "reportFilename": "mochawesome",
        "saveHtml": false,
        "saveJson": true,
        "consoleReporter": "spec",
        "useInlineDiffs": false,
        "code": true
      },
      "version": "6.2.1"
    },
    "marge": {
      "options": {
        "id": "default",
        "reportDir": "cypress/results/mochawesome",
        "quite": true,
        "overwrite": false,
        "html": false,
        "json": true
      },
      "version": "5.1.0"
    }
  }
}