{
  "stats": {
    "suites": 1,
    "tests": 2,
    "passes": 2,
    "pending": 0,
    "failures": 0,
    "start": "2020-12-28T12:09:06.267Z",
    "end": "2020-12-28T12:09:07.144Z",
    "duration": 877,
    "testsRegistered": 2,
    "passPercent": 100,
    "pendingPercent": 0,
    "other": 0,
    "hasOther": false,
    "skipped": 0,
    "hasSkipped": false
  },
  "results": [
    {
      "uuid": "84f14076-9a01-42a5-8da4-0d94177eadd0",
      "title": "",
      "fullFile": "cypress/integration/webdriver-uni/radiobuttons.js",
      "file": "cypress/integration/webdriver-uni/radiobuttons.js",
      "beforeHooks": [],
      "afterHooks": [],
      "tests": [],
      "suites": [
        {
          "uuid": "9379cf3f-6114-435f-bcdc-b2558a457255",
          "title": "Test contact us form via webdriveruni",
          "fullFile": "",
          "file": "",
          "beforeHooks": [],
          "afterHooks": [],
          "tests": [
            {
              "title": "should be able to do a successful submission via contact us form",
              "fullTitle": "Test contact us form via webdriveruni should be able to do a successful submission via contact us form",
              "timedOut": null,
              "duration": 706,
              "state": "passed",
              "speed": "slow",
              "pass": true,
              "fail": false,
              "pending": false,
              "context": null,
              "code": "cy.get('#radio-buttons > input[value=\"blue\"]').check();",
              "err": {},
              "uuid": "3838b800-dfaf-46d8-a5ed-0994b5d56713",
              "parentUUID": "9379cf3f-6114-435f-bcdc-b2558a457255",
              "isHook": false,
              "skipped": false
            },
            {
              "title": "validate the states of specific radiobuttons",
              "fullTitle": "Test contact us form via webdriveruni validate the states of specific radiobuttons",
              "timedOut": null,
              "duration": 137,
              "state": "passed",
              "speed": "slow",
              "pass": true,
              "fail": false,
              "pending": false,
              "context": null,
              "code": "cy.get('input[value=\"lettuce\"]').should('not.be.checked'); //cy.get('[value=\"cabagge\"]').should('be.disabled');\ncy.get('input[value=\"pumpkin\"]').should('be.checked');\ncy.get('input[value=\"lettuce\"]').check().should('be.checked');\ncy.get('input[value=\"pumpkin\"]').should('not.be.checked');\ncy.get('#radio-buttons-selected-disabled > :nth-child(3)').should('be.disabled');",
              "err": {},
              "uuid": "d165d90e-dcc1-4e8e-987a-1c0f6c7b9bfd",
              "parentUUID": "9379cf3f-6114-435f-bcdc-b2558a457255",
              "isHook": false,
              "skipped": false
            }
          ],
          "suites": [],
          "passes": [
            "3838b800-dfaf-46d8-a5ed-0994b5d56713",
            "d165d90e-dcc1-4e8e-987a-1c0f6c7b9bfd"
          ],
          "failures": [],
          "pending": [],
          "skipped": [],
          "duration": 843,
          "root": false,
          "rootEmpty": false,
          "_timeout": 2000
        }
      ],
      "passes": [],
      "failures": [],
      "pending": [],
      "skipped": [],
      "duration": 0,
      "root": true,
      "rootEmpty": true,
      "_timeout": 2000
    }
  ],
  "meta": {
    "mocha": {
      "version": "7.0.1"
    },
    "mochawesome": {
      "options": {
        "quiet": false,
        "reportFilename": "mochawesome",
        "saveHtml": false,
        "saveJson": true,
        "consoleReporter": "spec",
        "useInlineDiffs": false,
        "code": true
      },
      "version": "6.2.1"
    },
    "marge": {
      "options": {
        "id": "default",
        "reportDir": "cypress/results/mochawesome",
        "quite": true,
        "overwrite": false,
        "html": false,
        "json": true
      },
      "version": "5.1.0"
    }
  }
}