{
  "stats": {
    "suites": 1,
    "tests": 1,
    "passes": 1,
    "pending": 0,
    "failures": 0,
    "start": "2020-12-28T15:05:24.323Z",
    "end": "2020-12-28T15:05:24.480Z",
    "duration": 157,
    "testsRegistered": 1,
    "passPercent": 100,
    "pendingPercent": 0,
    "other": 0,
    "hasOther": false,
    "skipped": 0,
    "hasSkipped": false
  },
  "results": [
    {
      "uuid": "01ac3cc9-8b7d-4344-af6e-c1e9ca654b8b",
      "title": "",
      "fullFile": "cypress/integration/other/json.js",
      "file": "cypress/integration/other/json.js",
      "beforeHooks": [],
      "afterHooks": [],
      "tests": [],
      "suites": [
        {
          "uuid": "cebc604e-1fc8-46f7-9788-87b6250f699f",
          "title": "JSON object",
          "fullFile": "",
          "file": "",
          "beforeHooks": [],
          "afterHooks": [],
          "tests": [
            {
              "title": "json object examples",
              "fullTitle": "JSON object json object examples",
              "timedOut": null,
              "duration": 70,
              "state": "passed",
              "speed": "medium",
              "pass": true,
              "fail": false,
              "pending": false,
              "context": null,
              "code": "var exampleObject = {\n  \"key\": \"Tim\",\n  \"key2\": \"Jones\"\n};\ncy.log(exampleObject[\"key\"]);\ncy.log(exampleObject[\"key2\"]);\ncy.log(exampleObject.key2);",
              "err": {},
              "uuid": "036377cd-a508-4562-895c-b4570c536566",
              "parentUUID": "cebc604e-1fc8-46f7-9788-87b6250f699f",
              "isHook": false,
              "skipped": false
            }
          ],
          "suites": [],
          "passes": [
            "036377cd-a508-4562-895c-b4570c536566"
          ],
          "failures": [],
          "pending": [],
          "skipped": [],
          "duration": 70,
          "root": false,
          "rootEmpty": false,
          "_timeout": 2000
        }
      ],
      "passes": [],
      "failures": [],
      "pending": [],
      "skipped": [],
      "duration": 0,
      "root": true,
      "rootEmpty": true,
      "_timeout": 2000
    }
  ],
  "meta": {
    "mocha": {
      "version": "7.0.1"
    },
    "mochawesome": {
      "options": {
        "quiet": false,
        "reportFilename": "mochawesome",
        "saveHtml": false,
        "saveJson": true,
        "consoleReporter": "spec",
        "useInlineDiffs": false,
        "code": true
      },
      "version": "6.2.1"
    },
    "marge": {
      "options": {
        "id": "default",
        "reportDir": "cypress/results/mochawesome",
        "quite": true,
        "overwrite": false,
        "html": false,
        "json": true
      },
      "version": "5.1.0"
    }
  }
}