{
  "stats": {
    "suites": 1,
    "tests": 1,
    "passes": 1,
    "pending": 0,
    "failures": 0,
    "start": "2020-12-28T12:07:03.840Z",
    "end": "2020-12-28T12:07:10.137Z",
    "duration": 6297,
    "testsRegistered": 1,
    "passPercent": 100,
    "pendingPercent": 0,
    "other": 0,
    "hasOther": false,
    "skipped": 0,
    "hasSkipped": false
  },
  "results": [
    {
      "uuid": "cd2ab0fd-02a6-4cdb-8476-8594ebd4fa09",
      "title": "",
      "fullFile": "cypress/integration/automation-test-store/add-multiple-items-to-basket.js",
      "file": "cypress/integration/automation-test-store/add-multiple-items-to-basket.js",
      "beforeHooks": [],
      "afterHooks": [],
      "tests": [],
      "suites": [
        {
          "uuid": "9b320af4-5d17-4783-8da7-1fcd63a97e6e",
          "title": "Add multiple times to basket",
          "fullFile": "",
          "file": "",
          "beforeHooks": [],
          "afterHooks": [],
          "tests": [
            {
              "title": "Add specific items to basket",
              "fullTitle": "Add multiple times to basket Add specific items to basket",
              "timedOut": null,
              "duration": 4337,
              "state": "passed",
              "speed": "slow",
              "pass": true,
              "fail": false,
              "pending": false,
              "context": null,
              "code": "autoStore_HairCare_PO.addHairCareProductToBasket(); // globalThis.data.productName.forEach((element) => {\n//     cy.addProductToBasket(element)\n// })\n// cy.get('.dropdown-toggle > .fa').click()",
              "err": {},
              "uuid": "529ec31c-2026-475b-827b-ce9bca69bef4",
              "parentUUID": "9b320af4-5d17-4783-8da7-1fcd63a97e6e",
              "isHook": false,
              "skipped": false
            }
          ],
          "suites": [],
          "passes": [
            "529ec31c-2026-475b-827b-ce9bca69bef4"
          ],
          "failures": [],
          "pending": [],
          "skipped": [],
          "duration": 4337,
          "root": false,
          "rootEmpty": false,
          "_timeout": 2000
        }
      ],
      "passes": [],
      "failures": [],
      "pending": [],
      "skipped": [],
      "duration": 0,
      "root": true,
      "rootEmpty": true,
      "_timeout": 2000
    }
  ],
  "meta": {
    "mocha": {
      "version": "7.0.1"
    },
    "mochawesome": {
      "options": {
        "quiet": false,
        "reportFilename": "mochawesome",
        "saveHtml": false,
        "saveJson": true,
        "consoleReporter": "spec",
        "useInlineDiffs": false,
        "code": true
      },
      "version": "6.2.1"
    },
    "marge": {
      "options": {
        "id": "default",
        "reportDir": "cypress/results/mochawesome",
        "quite": true,
        "overwrite": false,
        "html": false,
        "json": true
      },
      "version": "5.1.0"
    }
  }
}