{
  "stats": {
    "suites": 1,
    "tests": 1,
    "passes": 1,
    "pending": 0,
    "failures": 0,
    "start": "2020-12-28T15:06:23.986Z",
    "end": "2020-12-28T15:06:26.409Z",
    "duration": 2423,
    "testsRegistered": 1,
    "passPercent": 100,
    "pendingPercent": 0,
    "other": 0,
    "hasOther": false,
    "skipped": 0,
    "hasSkipped": false
  },
  "results": [
    {
      "uuid": "cf19c24b-b2f6-4e6c-b93d-64b46d0bb8b7",
      "title": "",
      "fullFile": "cypress/integration/webdriver-uni/dropdown.js",
      "file": "cypress/integration/webdriver-uni/dropdown.js",
      "beforeHooks": [],
      "afterHooks": [],
      "tests": [],
      "suites": [
        {
          "uuid": "a7c23db4-8604-4690-91a3-e597e2841924",
          "title": "Test dropdowns via webdriveruni",
          "fullFile": "",
          "file": "",
          "beforeHooks": [],
          "afterHooks": [],
          "tests": [
            {
              "title": "select specific values via dropdown list",
              "fullTitle": "Test dropdowns via webdriveruni select specific values via dropdown list",
              "timedOut": null,
              "duration": 1413,
              "state": "passed",
              "speed": "slow",
              "pass": true,
              "fail": false,
              "pending": false,
              "context": null,
              "code": "cy.visit(\"http://webdriveruniversity.com\");\ncy.get(\"#dropdown-checkboxes-radiobuttons\").invoke(\"removeAttr\", \"target\").click({\n  force: true\n});\ncy.get('#dropdowm-menu-1').select('c#');\ncy.get('#dropdowm-menu-2').select('testng').should('have.value', 'testng'); //based on value\ncy.get('#dropdowm-menu-3').select('CSS').contains('CSS'); //based on text itself\ncy.get('#dropdowm-menu-2').select('Maven').contains('Maven');\ncy.get('#dropdowm-menu-2').select('maven').should('have.value', 'maven');",
              "err": {},
              "uuid": "a77cd975-0fc3-4d34-a06a-e16324664e64",
              "parentUUID": "a7c23db4-8604-4690-91a3-e597e2841924",
              "isHook": false,
              "skipped": false
            }
          ],
          "suites": [],
          "passes": [
            "a77cd975-0fc3-4d34-a06a-e16324664e64"
          ],
          "failures": [],
          "pending": [],
          "skipped": [],
          "duration": 1413,
          "root": false,
          "rootEmpty": false,
          "_timeout": 2000
        }
      ],
      "passes": [],
      "failures": [],
      "pending": [],
      "skipped": [],
      "duration": 0,
      "root": true,
      "rootEmpty": true,
      "_timeout": 2000
    }
  ],
  "meta": {
    "mocha": {
      "version": "7.0.1"
    },
    "mochawesome": {
      "options": {
        "quiet": false,
        "reportFilename": "mochawesome",
        "saveHtml": false,
        "saveJson": true,
        "consoleReporter": "spec",
        "useInlineDiffs": false,
        "code": true
      },
      "version": "6.2.1"
    },
    "marge": {
      "options": {
        "id": "default",
        "reportDir": "cypress/results/mochawesome",
        "quite": true,
        "overwrite": false,
        "html": false,
        "json": true
      },
      "version": "5.1.0"
    }
  }
}