{
  "stats": {
    "suites": 1,
    "tests": 2,
    "passes": 2,
    "pending": 0,
    "failures": 0,
    "start": "2020-12-28T15:06:28.780Z",
    "end": "2020-12-28T15:06:31.314Z",
    "duration": 2534,
    "testsRegistered": 2,
    "passPercent": 100,
    "pendingPercent": 0,
    "other": 0,
    "hasOther": false,
    "skipped": 0,
    "hasSkipped": false
  },
  "results": [
    {
      "uuid": "d505ff5b-dcbf-4e0b-ba18-d10cbc4c3645",
      "title": "",
      "fullFile": "cypress/integration/webdriver-uni/file-upload.js",
      "file": "cypress/integration/webdriver-uni/file-upload.js",
      "beforeHooks": [],
      "afterHooks": [],
      "tests": [],
      "suites": [
        {
          "uuid": "9e766526-f528-432a-95b2-4c0d76799c11",
          "title": "Test file upload via webdriveruni",
          "fullFile": "",
          "file": "",
          "beforeHooks": [],
          "afterHooks": [],
          "tests": [
            {
              "title": "upload a file",
              "fullTitle": "Test file upload via webdriveruni upload a file",
              "timedOut": null,
              "duration": 845,
              "state": "passed",
              "speed": "slow",
              "pass": true,
              "fail": false,
              "pending": false,
              "context": null,
              "code": "cy.visit(\"http://webdriveruniversity.com\");\ncy.get(\"#file-upload\").invoke(\"removeAttr\", \"target\").click({\n  force: true\n});\ncy.fixture(\"wings.png\", \"base64\").then(function (fileContent) {\n  cy.get('#myFile').attachFile({\n    fileContent: fileContent,\n    fileName: \"wings.png\",\n    mimeType: \"image/png\"\n  }, {\n    uploadType: \"input\"\n  });\n});\ncy.get(\"#submit-button\").click();",
              "err": {},
              "uuid": "2ab36f02-2665-413e-9116-55c22ac84d92",
              "parentUUID": "9e766526-f528-432a-95b2-4c0d76799c11",
              "isHook": false,
              "skipped": false
            },
            {
              "title": "upload no file",
              "fullTitle": "Test file upload via webdriveruni upload no file",
              "timedOut": null,
              "duration": 611,
              "state": "passed",
              "speed": "slow",
              "pass": true,
              "fail": false,
              "pending": false,
              "context": null,
              "code": "cy.visit(\"http://webdriveruniversity.com\");\ncy.get(\"#file-upload\").invoke(\"removeAttr\", \"target\").click({\n  force: true\n});\ncy.get(\"#submit-button\").click();",
              "err": {},
              "uuid": "dac6fb7e-d17f-4654-8f03-9cb03ed0aea6",
              "parentUUID": "9e766526-f528-432a-95b2-4c0d76799c11",
              "isHook": false,
              "skipped": false
            }
          ],
          "suites": [],
          "passes": [
            "2ab36f02-2665-413e-9116-55c22ac84d92",
            "dac6fb7e-d17f-4654-8f03-9cb03ed0aea6"
          ],
          "failures": [],
          "pending": [],
          "skipped": [],
          "duration": 1456,
          "root": false,
          "rootEmpty": false,
          "_timeout": 2000
        }
      ],
      "passes": [],
      "failures": [],
      "pending": [],
      "skipped": [],
      "duration": 0,
      "root": true,
      "rootEmpty": true,
      "_timeout": 2000
    }
  ],
  "meta": {
    "mocha": {
      "version": "7.0.1"
    },
    "mochawesome": {
      "options": {
        "quiet": false,
        "reportFilename": "mochawesome",
        "saveHtml": false,
        "saveJson": true,
        "consoleReporter": "spec",
        "useInlineDiffs": false,
        "code": true
      },
      "version": "6.2.1"
    },
    "marge": {
      "options": {
        "id": "default",
        "reportDir": "cypress/results/mochawesome",
        "quite": true,
        "overwrite": false,
        "html": false,
        "json": true
      },
      "version": "5.1.0"
    }
  }
}