{
  "stats": {
    "suites": 1,
    "tests": 3,
    "passes": 3,
    "pending": 0,
    "failures": 0,
    "start": "2020-12-28T12:08:19.056Z",
    "end": "2020-12-28T12:08:20.227Z",
    "duration": 1171,
    "testsRegistered": 3,
    "passPercent": 100,
    "pendingPercent": 0,
    "other": 0,
    "hasOther": false,
    "skipped": 0,
    "hasSkipped": false
  },
  "results": [
    {
      "uuid": "878003c3-e5ab-4104-ac15-d3fdb5dc22eb",
      "title": "",
      "fullFile": "cypress/integration/webdriver-uni/checkboxes.js",
      "file": "cypress/integration/webdriver-uni/checkboxes.js",
      "beforeHooks": [],
      "afterHooks": [],
      "tests": [],
      "suites": [
        {
          "uuid": "bf508dcb-ffcc-49c2-8591-cc8f5b51f10f",
          "title": "verify checkboxes via webdriveruni",
          "fullFile": "",
          "file": "",
          "beforeHooks": [],
          "afterHooks": [],
          "tests": [
            {
              "title": "check and validate checkbox",
              "fullTitle": "verify checkboxes via webdriveruni check and validate checkbox",
              "timedOut": null,
              "duration": 478,
              "state": "passed",
              "speed": "slow",
              "pass": true,
              "fail": false,
              "pending": false,
              "context": null,
              "code": "//cy.get('#checkboxes > :nth-child(1) > input').check().should('be.checked')\ncy.get('#checkboxes > :nth-child(1) > input').as('option-1');\ncy.get('@option-1').check().should('be.checked');",
              "err": {},
              "uuid": "27904ecd-ade0-4833-8634-3f9bedbd8f01",
              "parentUUID": "bf508dcb-ffcc-49c2-8591-cc8f5b51f10f",
              "isHook": false,
              "skipped": false
            },
            {
              "title": "uncheck and validate checkbox",
              "fullTitle": "verify checkboxes via webdriveruni uncheck and validate checkbox",
              "timedOut": null,
              "duration": 237,
              "state": "passed",
              "speed": "slow",
              "pass": true,
              "fail": false,
              "pending": false,
              "context": null,
              "code": "//cy.get('#checkboxes > :nth-child(1) > input').as('option-1');\n//cy.get('@option-1').uncheck().should('not.be.checked');\ncy.get('#checkboxes > :nth-child(5) > input').as('option-3');\ncy.get('@option-3').uncheck().should('not.be.checked');",
              "err": {},
              "uuid": "6ca11988-9d46-4ed4-8a78-4af6d5ea3b68",
              "parentUUID": "bf508dcb-ffcc-49c2-8591-cc8f5b51f10f",
              "isHook": false,
              "skipped": false
            },
            {
              "title": "check multiple checkboxes",
              "fullTitle": "verify checkboxes via webdriveruni check multiple checkboxes",
              "timedOut": null,
              "duration": 410,
              "state": "passed",
              "speed": "slow",
              "pass": true,
              "fail": false,
              "pending": false,
              "context": null,
              "code": "cy.get(\"input[type='checkbox']\").check([\"option-1\", \"option-2\", \"option-3\", \"option-4\"]).should('be.checked');",
              "err": {},
              "uuid": "3c4b0fea-2278-44e2-9ddc-efe5dfec260e",
              "parentUUID": "bf508dcb-ffcc-49c2-8591-cc8f5b51f10f",
              "isHook": false,
              "skipped": false
            }
          ],
          "suites": [],
          "passes": [
            "27904ecd-ade0-4833-8634-3f9bedbd8f01",
            "6ca11988-9d46-4ed4-8a78-4af6d5ea3b68",
            "3c4b0fea-2278-44e2-9ddc-efe5dfec260e"
          ],
          "failures": [],
          "pending": [],
          "skipped": [],
          "duration": 1125,
          "root": false,
          "rootEmpty": false,
          "_timeout": 2000
        }
      ],
      "passes": [],
      "failures": [],
      "pending": [],
      "skipped": [],
      "duration": 0,
      "root": true,
      "rootEmpty": true,
      "_timeout": 2000
    }
  ],
  "meta": {
    "mocha": {
      "version": "7.0.1"
    },
    "mochawesome": {
      "options": {
        "quiet": false,
        "reportFilename": "mochawesome",
        "saveHtml": false,
        "saveJson": true,
        "consoleReporter": "spec",
        "useInlineDiffs": false,
        "code": true
      },
      "version": "6.2.1"
    },
    "marge": {
      "options": {
        "id": "default",
        "reportDir": "cypress/results/mochawesome",
        "quite": true,
        "overwrite": false,
        "html": false,
        "json": true
      },
      "version": "5.1.0"
    }
  }
}