{
  "stats": {
    "suites": 1,
    "tests": 4,
    "passes": 4,
    "pending": 0,
    "failures": 0,
    "start": "2020-12-28T15:06:39.297Z",
    "end": "2020-12-28T15:06:42.466Z",
    "duration": 3169,
    "testsRegistered": 4,
    "passPercent": 100,
    "pendingPercent": 0,
    "other": 0,
    "hasOther": false,
    "skipped": 0,
    "hasSkipped": false
  },
  "results": [
    {
      "uuid": "ba58a7e3-93d3-433c-be00-ce13c8153bc3",
      "title": "",
      "fullFile": "cypress/integration/webdriver-uni/js-alerts.js",
      "file": "cypress/integration/webdriver-uni/js-alerts.js",
      "beforeHooks": [],
      "afterHooks": [],
      "tests": [],
      "suites": [
        {
          "uuid": "73d510fc-eb7e-4a9a-8013-a00ecb901ac0",
          "title": "Hadle js alerts",
          "fullFile": "",
          "file": "",
          "beforeHooks": [],
          "afterHooks": [],
          "tests": [
            {
              "title": "confirm js alert contains the correct text",
              "fullTitle": "Hadle js alerts confirm js alert contains the correct text",
              "timedOut": null,
              "duration": 711,
              "state": "passed",
              "speed": "slow",
              "pass": true,
              "fail": false,
              "pending": false,
              "context": null,
              "code": "//cy.visit(\"http://webdriveruniversity.com/Contact-Us/contactus.html\");\ncy.visit(\"http://webdriveruniversity.com\");\ncy.get(\"#popup-alerts\").invoke(\"removeAttr\", \"target\").click({\n  force: true\n});\ncy.get('#button1').click();\ncy.on('window:alert', function (str) {\n  expect(str).to.equal(\"I am an alert box!\");\n});",
              "err": {},
              "uuid": "e7863a0c-520f-4471-a8be-ba9c3861a231",
              "parentUUID": "73d510fc-eb7e-4a9a-8013-a00ecb901ac0",
              "isHook": false,
              "skipped": false
            },
            {
              "title": "validate js confirm alert box works correctly when clicking ok",
              "fullTitle": "Hadle js alerts validate js confirm alert box works correctly when clicking ok",
              "timedOut": null,
              "duration": 455,
              "state": "passed",
              "speed": "slow",
              "pass": true,
              "fail": false,
              "pending": false,
              "context": null,
              "code": "//cy.visit(\"http://webdriveruniversity.com/Contact-Us/contactus.html\");\ncy.visit(\"http://webdriveruniversity.com\");\ncy.get(\"#popup-alerts\").invoke(\"removeAttr\", \"target\").click({\n  force: true\n});\ncy.get('#button4').click();\ncy.on('window:confirm', function (str) {\n  return true;\n});\ncy.get;\ncy.get('#confirm-alert-text').contains('You pressed OK');",
              "err": {},
              "uuid": "15808080-0b9a-4cac-8ad5-7da1b233d7b5",
              "parentUUID": "73d510fc-eb7e-4a9a-8013-a00ecb901ac0",
              "isHook": false,
              "skipped": false
            },
            {
              "title": "validate js confirm alert box works correctly when clicking cancel",
              "fullTitle": "Hadle js alerts validate js confirm alert box works correctly when clicking cancel",
              "timedOut": null,
              "duration": 520,
              "state": "passed",
              "speed": "slow",
              "pass": true,
              "fail": false,
              "pending": false,
              "context": null,
              "code": "//cy.visit(\"http://webdriveruniversity.com/Contact-Us/contactus.html\");\ncy.visit(\"http://webdriveruniversity.com\");\ncy.get(\"#popup-alerts\").invoke(\"removeAttr\", \"target\").click({\n  force: true\n});\ncy.get('#button4').click();\ncy.on('window:confirm', function (str) {\n  return false;\n});\ncy.get;\ncy.get('#confirm-alert-text').contains('You pressed Cancel!');",
              "err": {},
              "uuid": "4ca3ffcc-dffc-40be-96ef-6d8501ec573f",
              "parentUUID": "73d510fc-eb7e-4a9a-8013-a00ecb901ac0",
              "isHook": false,
              "skipped": false
            },
            {
              "title": "validate js confirm alert box using a stub",
              "fullTitle": "Hadle js alerts validate js confirm alert box using a stub",
              "timedOut": null,
              "duration": 431,
              "state": "passed",
              "speed": "slow",
              "pass": true,
              "fail": false,
              "pending": false,
              "context": null,
              "code": "//cy.visit(\"http://webdriveruniversity.com/Contact-Us/contactus.html\");\ncy.visit(\"http://webdriveruniversity.com\");\ncy.get(\"#popup-alerts\").invoke(\"removeAttr\", \"target\").click({\n  force: true\n});\nvar stub = cy.stub();\ncy.on('window:confirm', stub);\ncy.get('#button4').click().then(function () {\n  expect(stub.getCall(0)).to.be.calledWith('Press a button!');\n}).then(function () {\n  return true;\n}).then(function () {\n  cy.get('#confirm-alert-text').contains('You pressed OK');\n});",
              "err": {},
              "uuid": "7375e76c-3e02-4168-81f9-87b0a9bd00b5",
              "parentUUID": "73d510fc-eb7e-4a9a-8013-a00ecb901ac0",
              "isHook": false,
              "skipped": false
            }
          ],
          "suites": [],
          "passes": [
            "e7863a0c-520f-4471-a8be-ba9c3861a231",
            "15808080-0b9a-4cac-8ad5-7da1b233d7b5",
            "4ca3ffcc-dffc-40be-96ef-6d8501ec573f",
            "7375e76c-3e02-4168-81f9-87b0a9bd00b5"
          ],
          "failures": [],
          "pending": [],
          "skipped": [],
          "duration": 2117,
          "root": false,
          "rootEmpty": false,
          "_timeout": 2000
        }
      ],
      "passes": [],
      "failures": [],
      "pending": [],
      "skipped": [],
      "duration": 0,
      "root": true,
      "rootEmpty": true,
      "_timeout": 2000
    }
  ],
  "meta": {
    "mocha": {
      "version": "7.0.1"
    },
    "mochawesome": {
      "options": {
        "quiet": false,
        "reportFilename": "mochawesome",
        "saveHtml": false,
        "saveJson": true,
        "consoleReporter": "spec",
        "useInlineDiffs": false,
        "code": true
      },
      "version": "6.2.1"
    },
    "marge": {
      "options": {
        "id": "default",
        "reportDir": "cypress/results/mochawesome",
        "quite": true,
        "overwrite": false,
        "html": false,
        "json": true
      },
      "version": "5.1.0"
    }
  }
}